Analysis & Synthesis report for counterdisplay_top
Sat Mar 08 19:18:14 2025
Quartus Prime Version 18.1.0 Build 625 09/12/2018 SJ Lite Edition


---------------------
; Table of Contents ;
---------------------
  1. Legal Notice
  2. Analysis & Synthesis Summary
  3. Analysis & Synthesis Settings
  4. Parallel Compilation
  5. Analysis & Synthesis Source Files Read
  6. Analysis & Synthesis Resource Usage Summary
  7. Analysis & Synthesis Resource Utilization by Entity
  8. General Register Statistics
  9. Multiplexer Restructuring Statistics (Restructuring Performed)
 10. Port Connectivity Checks: "Var_Counter:B0"
 11. Post-Synthesis Netlist Statistics for Top Partition
 12. Elapsed Time Per Partition
 13. Analysis & Synthesis Messages



----------------
; Legal Notice ;
----------------
Copyright (C) 2018  Intel Corporation. All rights reserved.
Your use of Intel Corporation's design tools, logic functions 
and other software and tools, and its AMPP partner logic 
functions, and any output files from any of the foregoing 
(including device programming or simulation files), and any 
associated documentation or information are expressly subject 
to the terms and conditions of the Intel Program License 
Subscription Agreement, the Intel Quartus Prime License Agreement,
the Intel FPGA IP License Agreement, or other applicable license
agreement, including, without limitation, that your use is for
the sole purpose of programming logic devices manufactured by
Intel and sold by Intel or its authorized distributors.  Please
refer to the applicable agreement for further details.



+----------------------------------------------------------------------------------+
; Analysis & Synthesis Summary                                                     ;
+------------------------------------+---------------------------------------------+
; Analysis & Synthesis Status        ; Successful - Sat Mar 08 19:18:14 2025       ;
; Quartus Prime Version              ; 18.1.0 Build 625 09/12/2018 SJ Lite Edition ;
; Revision Name                      ; counterdisplay_top                          ;
; Top-level Entity Name              ; counterdisplay_top                          ;
; Family                             ; Cyclone IV E                                ;
; Total logic elements               ; 20                                          ;
;     Total combinational functions  ; 20                                          ;
;     Dedicated logic registers      ; 4                                           ;
; Total registers                    ; 4                                           ;
; Total pins                         ; 23                                          ;
; Total virtual pins                 ; 0                                           ;
; Total memory bits                  ; 0                                           ;
; Embedded Multiplier 9-bit elements ; 0                                           ;
; Total PLLs                         ; 0                                           ;
+------------------------------------+---------------------------------------------+


+------------------------------------------------------------------------------------------------------------+
; Analysis & Synthesis Settings                                                                              ;
+------------------------------------------------------------------+--------------------+--------------------+
; Option                                                           ; Setting            ; Default Value      ;
+------------------------------------------------------------------+--------------------+--------------------+
; Device                                                           ; EP4CE115F29C7      ;                    ;
; Top-level entity name                                            ; counterdisplay_top ; counterdisplay_top ;
; Family name                                                      ; Cyclone IV E       ; Cyclone V          ;
; Maximum processors allowed for parallel compilation              ; 4                  ;                    ;
; Use smart compilation                                            ; Off                ; Off                ;
; Enable parallel Assembler and Timing Analyzer during compilation ; On                 ; On                 ;
; Enable compact report table                                      ; Off                ; Off                ;
; Restructure Multiplexers                                         ; Auto               ; Auto               ;
; Create Debugging Nodes for IP Cores                              ; Off                ; Off                ;
; Preserve fewer node names                                        ; On                 ; On                 ;
; Intel FPGA IP Evaluation Mode                                    ; Enable             ; Enable             ;
; Verilog Version                                                  ; Verilog_2001       ; Verilog_2001       ;
; VHDL Version                                                     ; VHDL_1993          ; VHDL_1993          ;
; State Machine Processing                                         ; Auto               ; Auto               ;
; Safe State Machine                                               ; Off                ; Off                ;
; Extract Verilog State Machines                                   ; On                 ; On                 ;
; Extract VHDL State Machines                                      ; On                 ; On                 ;
; Ignore Verilog initial constructs                                ; Off                ; Off                ;
; Iteration limit for constant Verilog loops                       ; 5000               ; 5000               ;
; Iteration limit for non-constant Verilog loops                   ; 250                ; 250                ;
; Add Pass-Through Logic to Inferred RAMs                          ; On                 ; On                 ;
; Infer RAMs from Raw Logic                                        ; On                 ; On                 ;
; Parallel Synthesis                                               ; On                 ; On                 ;
; DSP Block Balancing                                              ; Auto               ; Auto               ;
; NOT Gate Push-Back                                               ; On                 ; On                 ;
; Power-Up Don't Care                                              ; On                 ; On                 ;
; Remove Redundant Logic Cells                                     ; Off                ; Off                ;
; Remove Duplicate Registers                                       ; On                 ; On                 ;
; Ignore CARRY Buffers                                             ; Off                ; Off                ;
; Ignore CASCADE Buffers                                           ; Off                ; Off                ;
; Ignore GLOBAL Buffers                                            ; Off                ; Off                ;
; Ignore ROW GLOBAL Buffers                                        ; Off                ; Off                ;
; Ignore LCELL Buffers                                             ; Off                ; Off                ;
; Ignore SOFT Buffers                                              ; On                 ; On                 ;
; Limit AHDL Integers to 32 Bits                                   ; Off                ; Off                ;
; Optimization Technique                                           ; Balanced           ; Balanced           ;
; Carry Chain Length                                               ; 70                 ; 70                 ;
; Auto Carry Chains                                                ; On                 ; On                 ;
; Auto Open-Drain Pins                                             ; On                 ; On                 ;
; Perform WYSIWYG Primitive Resynthesis                            ; Off                ; Off                ;
; Auto ROM Replacement                                             ; On                 ; On                 ;
; Auto RAM Replacement                                             ; On                 ; On                 ;
; Auto DSP Block Replacement                                       ; On                 ; On                 ;
; Auto Shift Register Replacement                                  ; Auto               ; Auto               ;
; Allow Shift Register Merging across Hierarchies                  ; Auto               ; Auto               ;
; Auto Clock Enable Replacement                                    ; On                 ; On                 ;
; Strict RAM Replacement                                           ; Off                ; Off                ;
; Allow Synchronous Control Signals                                ; On                 ; On                 ;
; Force Use of Synchronous Clear Signals                           ; Off                ; Off                ;
; Auto RAM Block Balancing                                         ; On                 ; On                 ;
; Auto RAM to Logic Cell Conversion                                ; Off                ; Off                ;
; Auto Resource Sharing                                            ; Off                ; Off                ;
; Allow Any RAM Size For Recognition                               ; Off                ; Off                ;
; Allow Any ROM Size For Recognition                               ; Off                ; Off                ;
; Allow Any Shift Register Size For Recognition                    ; Off                ; Off                ;
; Use LogicLock Constraints during Resource Balancing              ; On                 ; On                 ;
; Ignore translate_off and synthesis_off directives                ; Off                ; Off                ;
; Timing-Driven Synthesis                                          ; On                 ; On                 ;
; Report Parameter Settings                                        ; On                 ; On                 ;
; Report Source Assignments                                        ; On                 ; On                 ;
; Report Connectivity Checks                                       ; On                 ; On                 ;
; Ignore Maximum Fan-Out Assignments                               ; Off                ; Off                ;
; Synchronization Register Chain Length                            ; 2                  ; 2                  ;
; Power Optimization During Synthesis                              ; Normal compilation ; Normal compilation ;
; HDL message level                                                ; Level2             ; Level2             ;
; Suppress Register Optimization Related Messages                  ; Off                ; Off                ;
; Number of Removed Registers Reported in Synthesis Report         ; 5000               ; 5000               ;
; Number of Swept Nodes Reported in Synthesis Report               ; 5000               ; 5000               ;
; Number of Inverted Registers Reported in Synthesis Report        ; 100                ; 100                ;
; Clock MUX Protection                                             ; On                 ; On                 ;
; Auto Gated Clock Conversion                                      ; Off                ; Off                ;
; Block Design Naming                                              ; Auto               ; Auto               ;
; SDC constraint protection                                        ; Off                ; Off                ;
; Synthesis Effort                                                 ; Auto               ; Auto               ;
; Shift Register Replacement - Allow Asynchronous Clear Signal     ; On                 ; On                 ;
; Pre-Mapping Resynthesis Optimization                             ; Off                ; Off                ;
; Analysis & Synthesis Message Level                               ; Medium             ; Medium             ;
; Disable Register Merging Across Hierarchies                      ; Auto               ; Auto               ;
; Resource Aware Inference For Block RAM                           ; On                 ; On                 ;
+------------------------------------------------------------------+--------------------+--------------------+


+------------------------------------------+
; Parallel Compilation                     ;
+----------------------------+-------------+
; Processors                 ; Number      ;
+----------------------------+-------------+
; Number detected on machine ; 20          ;
; Maximum allowed            ; 4           ;
;                            ;             ;
; Average used               ; 1.00        ;
; Maximum used               ; 4           ;
;                            ;             ;
; Usage by Processor         ; % Time Used ;
;     Processor 1            ; 100.0%      ;
;     Processors 2-4         ;   0.0%      ;
+----------------------------+-------------+


+---------------------------------------------------------------------------------------------------------------------------------------+
; Analysis & Synthesis Source Files Read                                                                                                ;
+----------------------------------+-----------------+------------------------+-----------------------------------------------+---------+
; File Name with User-Entered Path ; Used in Netlist ; File Type              ; File Name with Absolute Path                  ; Library ;
+----------------------------------+-----------------+------------------------+-----------------------------------------------+---------+
; SEG7_LUT.v                       ; yes             ; User Verilog HDL File  ; F:/fp/counterdisplay_top/SEG7_LUT.v           ;         ;
; Var_Counter.v                    ; yes             ; User Verilog HDL File  ; F:/fp/counterdisplay_top/Var_Counter.v        ;         ;
; _4bitBIN2bcd.v                   ; yes             ; User Verilog HDL File  ; F:/fp/counterdisplay_top/_4bitBIN2bcd.v       ;         ;
; counterdisplay_top.v             ; yes             ; User Verilog HDL File  ; F:/fp/counterdisplay_top/counterdisplay_top.v ;         ;
+----------------------------------+-----------------+------------------------+-----------------------------------------------+---------+


+-------------------------------------------------------------------+
; Analysis & Synthesis Resource Usage Summary                       ;
+---------------------------------------------+---------------------+
; Resource                                    ; Usage               ;
+---------------------------------------------+---------------------+
; Estimated Total logic elements              ; 20                  ;
;                                             ;                     ;
; Total combinational functions               ; 20                  ;
; Logic element usage by number of LUT inputs ;                     ;
;     -- 4 input functions                    ; 15                  ;
;     -- 3 input functions                    ; 5                   ;
;     -- <=2 input functions                  ; 0                   ;
;                                             ;                     ;
; Logic elements by mode                      ;                     ;
;     -- normal mode                          ; 20                  ;
;     -- arithmetic mode                      ; 0                   ;
;                                             ;                     ;
; Total registers                             ; 4                   ;
;     -- Dedicated logic registers            ; 4                   ;
;     -- I/O registers                        ; 0                   ;
;                                             ;                     ;
; I/O pins                                    ; 23                  ;
;                                             ;                     ;
; Embedded Multiplier 9-bit elements          ; 0                   ;
;                                             ;                     ;
; Maximum fan-out node                        ; Var_Counter:B0|Q[1] ;
; Maximum fan-out                             ; 16                  ;
; Total fan-out                               ; 129                 ;
; Average fan-out                             ; 1.84                ;
+---------------------------------------------+---------------------+


+---------------------------------------------------------------------------------------------------------------------------------------------------------------------------------------------------------------------------------+
; Analysis & Synthesis Resource Utilization by Entity                                                                                                                                                                             ;
+----------------------------+---------------------+---------------------------+-------------+--------------+---------+-----------+------+--------------+-------------------------------------+--------------------+--------------+
; Compilation Hierarchy Node ; Combinational ALUTs ; Dedicated Logic Registers ; Memory Bits ; DSP Elements ; DSP 9x9 ; DSP 18x18 ; Pins ; Virtual Pins ; Full Hierarchy Name                 ; Entity Name        ; Library Name ;
+----------------------------+---------------------+---------------------------+-------------+--------------+---------+-----------+------+--------------+-------------------------------------+--------------------+--------------+
; |counterdisplay_top        ; 20 (0)              ; 4 (0)                     ; 0           ; 0            ; 0       ; 0         ; 23   ; 0            ; |counterdisplay_top                 ; counterdisplay_top ; work         ;
;    |SEG7_LUT:u0|           ; 7 (7)               ; 0 (0)                     ; 0           ; 0            ; 0       ; 0         ; 0    ; 0            ; |counterdisplay_top|SEG7_LUT:u0     ; SEG7_LUT           ; work         ;
;    |Var_Counter:B0|        ; 12 (12)             ; 4 (4)                     ; 0           ; 0            ; 0       ; 0         ; 0    ; 0            ; |counterdisplay_top|Var_Counter:B0  ; Var_Counter        ; work         ;
;    |_4bitBIN2bcd:B1|       ; 1 (1)               ; 0 (0)                     ; 0           ; 0            ; 0       ; 0         ; 0    ; 0            ; |counterdisplay_top|_4bitBIN2bcd:B1 ; _4bitBIN2bcd       ; work         ;
+----------------------------+---------------------+---------------------------+-------------+--------------+---------+-----------+------+--------------+-------------------------------------+--------------------+--------------+
Note: For table entries with two numbers listed, the numbers in parentheses indicate the number of resources of the given type used by the specific entity alone. The numbers listed outside of parentheses indicate the total resources of the given type used by the specific entity and all of its sub-entities in the hierarchy.


+------------------------------------------------------+
; General Register Statistics                          ;
+----------------------------------------------+-------+
; Statistic                                    ; Value ;
+----------------------------------------------+-------+
; Total registers                              ; 4     ;
; Number of registers using Synchronous Clear  ; 0     ;
; Number of registers using Synchronous Load   ; 0     ;
; Number of registers using Asynchronous Clear ; 4     ;
; Number of registers using Asynchronous Load  ; 0     ;
; Number of registers using Clock Enable       ; 4     ;
; Number of registers using Preset             ; 0     ;
+----------------------------------------------+-------+


+-------------------------------------------------------------------------------------------------------------------------------------------------------+
; Multiplexer Restructuring Statistics (Restructuring Performed)                                                                                        ;
+--------------------+-----------+---------------+----------------------+------------------------+------------+-----------------------------------------+
; Multiplexer Inputs ; Bus Width ; Baseline Area ; Area if Restructured ; Saving if Restructured ; Registered ; Example Multiplexer Output              ;
+--------------------+-----------+---------------+----------------------+------------------------+------------+-----------------------------------------+
; 8:1                ; 4 bits    ; 20 LEs        ; 4 LEs                ; 16 LEs                 ; Yes        ; |counterdisplay_top|Var_Counter:B0|Q[0] ;
+--------------------+-----------+---------------+----------------------+------------------------+------------+-----------------------------------------+


+------------------------------------------------------------------------------------------------------------------------------------------------------------------------------------------------------------+
; Port Connectivity Checks: "Var_Counter:B0"                                                                                                                                                                 ;
+------+-------+----------+----------------------------------------------------------------------------------------------------------------------------------------------------------------------------------+
; Port ; Type  ; Severity ; Details                                                                                                                                                                          ;
+------+-------+----------+----------------------------------------------------------------------------------------------------------------------------------------------------------------------------------+
; SW   ; Input ; Warning  ; Input port expression (3 bits) is wider than the input port (2 bits) it drives.  The 1 most-significant bit(s) in the expression will be dangling if they have no other fanouts. ;
+------+-------+----------+----------------------------------------------------------------------------------------------------------------------------------------------------------------------------------+


+-----------------------------------------------------+
; Post-Synthesis Netlist Statistics for Top Partition ;
+-----------------------+-----------------------------+
; Type                  ; Count                       ;
+-----------------------+-----------------------------+
; boundary_port         ; 23                          ;
; cycloneiii_ff         ; 4                           ;
;     ENA CLR           ; 4                           ;
; cycloneiii_lcell_comb ; 23                          ;
;     normal            ; 23                          ;
;         0 data inputs ; 2                           ;
;         1 data inputs ; 1                           ;
;         3 data inputs ; 5                           ;
;         4 data inputs ; 15                          ;
;                       ;                             ;
; Max LUT depth         ; 3.00                        ;
; Average LUT depth     ; 1.97                        ;
+-----------------------+-----------------------------+


+-------------------------------+
; Elapsed Time Per Partition    ;
+----------------+--------------+
; Partition Name ; Elapsed Time ;
+----------------+--------------+
; Top            ; 00:00:00     ;
+----------------+--------------+


+-------------------------------+
; Analysis & Synthesis Messages ;
+-------------------------------+
Info: *******************************************************************
Info: Running Quartus Prime Analysis & Synthesis
    Info: Version 18.1.0 Build 625 09/12/2018 SJ Lite Edition
    Info: Processing started: Sat Mar 08 19:18:08 2025
Info: Command: quartus_map --read_settings_files=on --write_settings_files=off counterdisplay_top -c counterdisplay_top
Info (20032): Parallel compilation is enabled and will use up to 4 processors
Info (12021): Found 1 design units, including 1 entities, in source file seg7_lut.v
    Info (12023): Found entity 1: SEG7_LUT File: F:/fp/counterdisplay_top/SEG7_LUT.v Line: 1
Warning (12019): Can't analyze file -- file 4bitBIN2bcd.v is missing
Info (12021): Found 1 design units, including 1 entities, in source file var_counter.v
    Info (12023): Found entity 1: Var_Counter File: F:/fp/counterdisplay_top/Var_Counter.v Line: 2
Info (12021): Found 1 design units, including 1 entities, in source file _4bitbin2bcd.v
    Info (12023): Found entity 1: _4bitBIN2bcd File: F:/fp/counterdisplay_top/_4bitBIN2bcd.v Line: 1
Info (12021): Found 1 design units, including 1 entities, in source file counterdisplay_top.v
    Info (12023): Found entity 1: counterdisplay_top File: F:/fp/counterdisplay_top/counterdisplay_top.v Line: 1
Info (12021): Found 1 design units, including 1 entities, in source file decoder4_16.v
    Info (12023): Found entity 1: decoder4_16 File: F:/fp/counterdisplay_top/decoder4_16.v Line: 1
Info (12127): Elaborating entity "counterdisplay_top" for the top level hierarchy
Info (12128): Elaborating entity "Var_Counter" for hierarchy "Var_Counter:B0" File: F:/fp/counterdisplay_top/counterdisplay_top.v Line: 13
Info (12128): Elaborating entity "_4bitBIN2bcd" for hierarchy "_4bitBIN2bcd:B1" File: F:/fp/counterdisplay_top/counterdisplay_top.v Line: 16
Info (12128): Elaborating entity "SEG7_LUT" for hierarchy "SEG7_LUT:u0" File: F:/fp/counterdisplay_top/counterdisplay_top.v Line: 18
Warning (10270): Verilog HDL Case Statement warning at SEG7_LUT.v(7): incomplete case statement has no default case item File: F:/fp/counterdisplay_top/SEG7_LUT.v Line: 7
Warning (10240): Verilog HDL Always Construct warning at SEG7_LUT.v(5): inferring latch(es) for variable "os", which holds its previous value in one or more paths through the always construct File: F:/fp/counterdisplay_top/SEG7_LUT.v Line: 5
Info (10041): Inferred latch for "os[0]" at SEG7_LUT.v(5) File: F:/fp/counterdisplay_top/SEG7_LUT.v Line: 5
Info (10041): Inferred latch for "os[1]" at SEG7_LUT.v(5) File: F:/fp/counterdisplay_top/SEG7_LUT.v Line: 5
Info (10041): Inferred latch for "os[2]" at SEG7_LUT.v(5) File: F:/fp/counterdisplay_top/SEG7_LUT.v Line: 5
Info (10041): Inferred latch for "os[3]" at SEG7_LUT.v(5) File: F:/fp/counterdisplay_top/SEG7_LUT.v Line: 5
Info (10041): Inferred latch for "os[4]" at SEG7_LUT.v(5) File: F:/fp/counterdisplay_top/SEG7_LUT.v Line: 5
Info (10041): Inferred latch for "os[5]" at SEG7_LUT.v(5) File: F:/fp/counterdisplay_top/SEG7_LUT.v Line: 5
Info (10041): Inferred latch for "os[6]" at SEG7_LUT.v(5) File: F:/fp/counterdisplay_top/SEG7_LUT.v Line: 5
Warning (14026): LATCH primitive "SEG7_LUT:u1|os[0]" is permanently enabled File: F:/fp/counterdisplay_top/SEG7_LUT.v Line: 5
Warning (14026): LATCH primitive "SEG7_LUT:u1|os[3]" is permanently enabled File: F:/fp/counterdisplay_top/SEG7_LUT.v Line: 5
Warning (14026): LATCH primitive "SEG7_LUT:u1|os[4]" is permanently enabled File: F:/fp/counterdisplay_top/SEG7_LUT.v Line: 5
Warning (14026): LATCH primitive "SEG7_LUT:u1|os[5]" is permanently enabled File: F:/fp/counterdisplay_top/SEG7_LUT.v Line: 5
Warning (14026): LATCH primitive "SEG7_LUT:u1|os[0]" is permanently enabled File: F:/fp/counterdisplay_top/SEG7_LUT.v Line: 5
Warning (14026): LATCH primitive "SEG7_LUT:u1|os[3]" is permanently enabled File: F:/fp/counterdisplay_top/SEG7_LUT.v Line: 5
Warning (14026): LATCH primitive "SEG7_LUT:u1|os[4]" is permanently enabled File: F:/fp/counterdisplay_top/SEG7_LUT.v Line: 5
Warning (14026): LATCH primitive "SEG7_LUT:u1|os[5]" is permanently enabled File: F:/fp/counterdisplay_top/SEG7_LUT.v Line: 5
Warning (14026): LATCH primitive "SEG7_LUT:u0|os[0]" is permanently enabled File: F:/fp/counterdisplay_top/SEG7_LUT.v Line: 5
Warning (14026): LATCH primitive "SEG7_LUT:u0|os[1]" is permanently enabled File: F:/fp/counterdisplay_top/SEG7_LUT.v Line: 5
Warning (14026): LATCH primitive "SEG7_LUT:u0|os[2]" is permanently enabled File: F:/fp/counterdisplay_top/SEG7_LUT.v Line: 5
Warning (14026): LATCH primitive "SEG7_LUT:u0|os[3]" is permanently enabled File: F:/fp/counterdisplay_top/SEG7_LUT.v Line: 5
Warning (14026): LATCH primitive "SEG7_LUT:u0|os[4]" is permanently enabled File: F:/fp/counterdisplay_top/SEG7_LUT.v Line: 5
Warning (14026): LATCH primitive "SEG7_LUT:u0|os[5]" is permanently enabled File: F:/fp/counterdisplay_top/SEG7_LUT.v Line: 5
Warning (14026): LATCH primitive "SEG7_LUT:u0|os[6]" is permanently enabled File: F:/fp/counterdisplay_top/SEG7_LUT.v Line: 5
Warning (12241): 1 hierarchies have connectivity warnings - see the Connectivity Checks report folder
Warning (13024): Output pins are stuck at VCC or GND
    Warning (13410): Pin "HEX1[1]" is stuck at GND File: F:/fp/counterdisplay_top/counterdisplay_top.v Line: 6
    Warning (13410): Pin "HEX1[2]" is stuck at GND File: F:/fp/counterdisplay_top/counterdisplay_top.v Line: 6
    Warning (13410): Pin "HEX1[6]" is stuck at VCC File: F:/fp/counterdisplay_top/counterdisplay_top.v Line: 6
Info (286030): Timing-Driven Synthesis is running
Info (16010): Generating hard_block partition "hard_block:auto_generated_inst"
    Info (16011): Adding 0 node(s), including 0 DDIO, 0 PLL, 0 transceiver and 0 LCELL
Info (21057): Implemented 43 device resources after synthesis - the final resource count might be different
    Info (21058): Implemented 5 input pins
    Info (21059): Implemented 18 output pins
    Info (21061): Implemented 20 logic cells
Info: Quartus Prime Analysis & Synthesis was successful. 0 errors, 23 warnings
    Info: Peak virtual memory: 4779 megabytes
    Info: Processing ended: Sat Mar 08 19:18:14 2025
    Info: Elapsed time: 00:00:06
    Info: Total CPU time (on all processors): 00:00:14


