Analysis & Synthesis report for basketball_top
Sat Mar 08 19:39:32 2025
Quartus Prime Version 18.1.0 Build 625 09/12/2018 SJ Lite Edition


---------------------
; Table of Contents ;
---------------------
  1. Legal Notice
  2. Analysis & Synthesis Summary
  3. Analysis & Synthesis Settings
  4. Parallel Compilation
  5. Analysis & Synthesis Source Files Read
  6. Analysis & Synthesis Resource Usage Summary
  7. Analysis & Synthesis Resource Utilization by Entity
  8. User-Specified and Inferred Latches
  9. General Register Statistics
 10. Inverted Register Statistics
 11. Multiplexer Restructuring Statistics (Restructuring Performed)
 12. Parameter Settings for User Entity Instance: Divider50MHz:U0
 13. Post-Synthesis Netlist Statistics for Top Partition
 14. Elapsed Time Per Partition
 15. Analysis & Synthesis Messages



----------------
; Legal Notice ;
----------------
Copyright (C) 2018  Intel Corporation. All rights reserved.
Your use of Intel Corporation's design tools, logic functions 
and other software and tools, and its AMPP partner logic 
functions, and any output files from any of the foregoing 
(including device programming or simulation files), and any 
associated documentation or information are expressly subject 
to the terms and conditions of the Intel Program License 
Subscription Agreement, the Intel Quartus Prime License Agreement,
the Intel FPGA IP License Agreement, or other applicable license
agreement, including, without limitation, that your use is for
the sole purpose of programming logic devices manufactured by
Intel and sold by Intel or its authorized distributors.  Please
refer to the applicable agreement for further details.



+----------------------------------------------------------------------------------+
; Analysis & Synthesis Summary                                                     ;
+------------------------------------+---------------------------------------------+
; Analysis & Synthesis Status        ; Successful - Sat Mar 08 19:39:32 2025       ;
; Quartus Prime Version              ; 18.1.0 Build 625 09/12/2018 SJ Lite Edition ;
; Revision Name                      ; basketball_top                              ;
; Top-level Entity Name              ; basketball_top                              ;
; Family                             ; Cyclone IV E                                ;
; Total logic elements               ; 84                                          ;
;     Total combinational functions  ; 84                                          ;
;     Dedicated logic registers      ; 34                                          ;
; Total registers                    ; 34                                          ;
; Total pins                         ; 18                                          ;
; Total virtual pins                 ; 0                                           ;
; Total memory bits                  ; 0                                           ;
; Embedded Multiplier 9-bit elements ; 0                                           ;
; Total PLLs                         ; 0                                           ;
+------------------------------------+---------------------------------------------+


+------------------------------------------------------------------------------------------------------------+
; Analysis & Synthesis Settings                                                                              ;
+------------------------------------------------------------------+--------------------+--------------------+
; Option                                                           ; Setting            ; Default Value      ;
+------------------------------------------------------------------+--------------------+--------------------+
; Device                                                           ; EP4CE115F29C7      ;                    ;
; Top-level entity name                                            ; basketball_top     ; basketball_top     ;
; Family name                                                      ; Cyclone IV E       ; Cyclone V          ;
; Use smart compilation                                            ; Off                ; Off                ;
; Enable parallel Assembler and Timing Analyzer during compilation ; On                 ; On                 ;
; Enable compact report table                                      ; Off                ; Off                ;
; Restructure Multiplexers                                         ; Auto               ; Auto               ;
; Create Debugging Nodes for IP Cores                              ; Off                ; Off                ;
; Preserve fewer node names                                        ; On                 ; On                 ;
; Intel FPGA IP Evaluation Mode                                    ; Enable             ; Enable             ;
; Verilog Version                                                  ; Verilog_2001       ; Verilog_2001       ;
; VHDL Version                                                     ; VHDL_1993          ; VHDL_1993          ;
; State Machine Processing                                         ; Auto               ; Auto               ;
; Safe State Machine                                               ; Off                ; Off                ;
; Extract Verilog State Machines                                   ; On                 ; On                 ;
; Extract VHDL State Machines                                      ; On                 ; On                 ;
; Ignore Verilog initial constructs                                ; Off                ; Off                ;
; Iteration limit for constant Verilog loops                       ; 5000               ; 5000               ;
; Iteration limit for non-constant Verilog loops                   ; 250                ; 250                ;
; Add Pass-Through Logic to Inferred RAMs                          ; On                 ; On                 ;
; Infer RAMs from Raw Logic                                        ; On                 ; On                 ;
; Parallel Synthesis                                               ; On                 ; On                 ;
; DSP Block Balancing                                              ; Auto               ; Auto               ;
; NOT Gate Push-Back                                               ; On                 ; On                 ;
; Power-Up Don't Care                                              ; On                 ; On                 ;
; Remove Redundant Logic Cells                                     ; Off                ; Off                ;
; Remove Duplicate Registers                                       ; On                 ; On                 ;
; Ignore CARRY Buffers                                             ; Off                ; Off                ;
; Ignore CASCADE Buffers                                           ; Off                ; Off                ;
; Ignore GLOBAL Buffers                                            ; Off                ; Off                ;
; Ignore ROW GLOBAL Buffers                                        ; Off                ; Off                ;
; Ignore LCELL Buffers                                             ; Off                ; Off                ;
; Ignore SOFT Buffers                                              ; On                 ; On                 ;
; Limit AHDL Integers to 32 Bits                                   ; Off                ; Off                ;
; Optimization Technique                                           ; Balanced           ; Balanced           ;
; Carry Chain Length                                               ; 70                 ; 70                 ;
; Auto Carry Chains                                                ; On                 ; On                 ;
; Auto Open-Drain Pins                                             ; On                 ; On                 ;
; Perform WYSIWYG Primitive Resynthesis                            ; Off                ; Off                ;
; Auto ROM Replacement                                             ; On                 ; On                 ;
; Auto RAM Replacement                                             ; On                 ; On                 ;
; Auto DSP Block Replacement                                       ; On                 ; On                 ;
; Auto Shift Register Replacement                                  ; Auto               ; Auto               ;
; Allow Shift Register Merging across Hierarchies                  ; Auto               ; Auto               ;
; Auto Clock Enable Replacement                                    ; On                 ; On                 ;
; Strict RAM Replacement                                           ; Off                ; Off                ;
; Allow Synchronous Control Signals                                ; On                 ; On                 ;
; Force Use of Synchronous Clear Signals                           ; Off                ; Off                ;
; Auto RAM Block Balancing                                         ; On                 ; On                 ;
; Auto RAM to Logic Cell Conversion                                ; Off                ; Off                ;
; Auto Resource Sharing                                            ; Off                ; Off                ;
; Allow Any RAM Size For Recognition                               ; Off                ; Off                ;
; Allow Any ROM Size For Recognition                               ; Off                ; Off                ;
; Allow Any Shift Register Size For Recognition                    ; Off                ; Off                ;
; Use LogicLock Constraints during Resource Balancing              ; On                 ; On                 ;
; Ignore translate_off and synthesis_off directives                ; Off                ; Off                ;
; Timing-Driven Synthesis                                          ; On                 ; On                 ;
; Report Parameter Settings                                        ; On                 ; On                 ;
; Report Source Assignments                                        ; On                 ; On                 ;
; Report Connectivity Checks                                       ; On                 ; On                 ;
; Ignore Maximum Fan-Out Assignments                               ; Off                ; Off                ;
; Synchronization Register Chain Length                            ; 2                  ; 2                  ;
; Power Optimization During Synthesis                              ; Normal compilation ; Normal compilation ;
; HDL message level                                                ; Level2             ; Level2             ;
; Suppress Register Optimization Related Messages                  ; Off                ; Off                ;
; Number of Removed Registers Reported in Synthesis Report         ; 5000               ; 5000               ;
; Number of Swept Nodes Reported in Synthesis Report               ; 5000               ; 5000               ;
; Number of Inverted Registers Reported in Synthesis Report        ; 100                ; 100                ;
; Clock MUX Protection                                             ; On                 ; On                 ;
; Auto Gated Clock Conversion                                      ; Off                ; Off                ;
; Block Design Naming                                              ; Auto               ; Auto               ;
; SDC constraint protection                                        ; Off                ; Off                ;
; Synthesis Effort                                                 ; Auto               ; Auto               ;
; Shift Register Replacement - Allow Asynchronous Clear Signal     ; On                 ; On                 ;
; Pre-Mapping Resynthesis Optimization                             ; Off                ; Off                ;
; Analysis & Synthesis Message Level                               ; Medium             ; Medium             ;
; Disable Register Merging Across Hierarchies                      ; Auto               ; Auto               ;
; Resource Aware Inference For Block RAM                           ; On                 ; On                 ;
+------------------------------------------------------------------+--------------------+--------------------+


+------------------------------------------+
; Parallel Compilation                     ;
+----------------------------+-------------+
; Processors                 ; Number      ;
+----------------------------+-------------+
; Number detected on machine ; 20          ;
; Maximum allowed            ; 14          ;
;                            ;             ;
; Average used               ; 1.00        ;
; Maximum used               ; 14          ;
;                            ;             ;
; Usage by Processor         ; % Time Used ;
;     Processor 1            ; 100.0%      ;
;     Processor 2            ;   0.0%      ;
;     Processors 3-14        ;   0.0%      ;
+----------------------------+-------------+


+----------------------------------------------------------------------------------------------------------------------------------------+
; Analysis & Synthesis Source Files Read                                                                                                 ;
+----------------------------------+-----------------+------------------------------+------------------------------------------+---------+
; File Name with User-Entered Path ; Used in Netlist ; File Type                    ; File Name with Absolute Path             ; Library ;
+----------------------------------+-----------------+------------------------------+------------------------------------------+---------+
; Divider50MHz.v                   ; yes             ; User Verilog HDL File        ; F:/fp/q2/basketball_top/Divider50MHz.v   ;         ;
; Basketball.v                     ; yes             ; User Verilog HDL File        ; F:/fp/q2/basketball_top/Basketball.v     ;         ;
; basketball_top.v                 ; yes             ; User Verilog HDL File        ; F:/fp/q2/basketball_top/basketball_top.v ;         ;
; seg7_lut.v                       ; yes             ; Auto-Found Verilog HDL File  ; F:/fp/q2/basketball_top/seg7_lut.v       ;         ;
+----------------------------------+-----------------+------------------------------+------------------------------------------+---------+


+----------------------------------------------------------+
; Analysis & Synthesis Resource Usage Summary              ;
+---------------------------------------------+------------+
; Resource                                    ; Usage      ;
+---------------------------------------------+------------+
; Estimated Total logic elements              ; 84         ;
;                                             ;            ;
; Total combinational functions               ; 84         ;
; Logic element usage by number of LUT inputs ;            ;
;     -- 4 input functions                    ; 28         ;
;     -- 3 input functions                    ; 30         ;
;     -- <=2 input functions                  ; 26         ;
;                                             ;            ;
; Logic elements by mode                      ;            ;
;     -- normal mode                          ; 60         ;
;     -- arithmetic mode                      ; 24         ;
;                                             ;            ;
; Total registers                             ; 34         ;
;     -- Dedicated logic registers            ; 34         ;
;     -- I/O registers                        ; 0          ;
;                                             ;            ;
; I/O pins                                    ; 18         ;
;                                             ;            ;
; Embedded Multiplier 9-bit elements          ; 0          ;
;                                             ;            ;
; Maximum fan-out node                        ; nRST~input ;
; Maximum fan-out                             ; 35         ;
; Total fan-out                               ; 413        ;
; Average fan-out                             ; 2.68       ;
+---------------------------------------------+------------+


+-------------------------------------------------------------------------------------------------------------------------------------------------------------------------------------------------------------------------+
; Analysis & Synthesis Resource Utilization by Entity                                                                                                                                                                     ;
+----------------------------+---------------------+---------------------------+-------------+--------------+---------+-----------+------+--------------+---------------------------------+----------------+--------------+
; Compilation Hierarchy Node ; Combinational ALUTs ; Dedicated Logic Registers ; Memory Bits ; DSP Elements ; DSP 9x9 ; DSP 18x18 ; Pins ; Virtual Pins ; Full Hierarchy Name             ; Entity Name    ; Library Name ;
+----------------------------+---------------------+---------------------------+-------------+--------------+---------+-----------+------+--------------+---------------------------------+----------------+--------------+
; |basketball_top            ; 84 (0)              ; 34 (0)                    ; 0           ; 0            ; 0       ; 0         ; 18   ; 0            ; |basketball_top                 ; basketball_top ; work         ;
;    |Basketball:U1|         ; 17 (17)             ; 8 (8)                     ; 0           ; 0            ; 0       ; 0         ; 0    ; 0            ; |basketball_top|Basketball:U1   ; Basketball     ; work         ;
;    |Divider50MHz:U0|       ; 37 (37)             ; 26 (26)                   ; 0           ; 0            ; 0       ; 0         ; 0    ; 0            ; |basketball_top|Divider50MHz:U0 ; Divider50MHz   ; work         ;
;    |SEG7_LUT:U2|           ; 15 (15)             ; 0 (0)                     ; 0           ; 0            ; 0       ; 0         ; 0    ; 0            ; |basketball_top|SEG7_LUT:U2     ; SEG7_LUT       ; work         ;
;    |SEG7_LUT:U3|           ; 15 (15)             ; 0 (0)                     ; 0           ; 0            ; 0       ; 0         ; 0    ; 0            ; |basketball_top|SEG7_LUT:U3     ; SEG7_LUT       ; work         ;
+----------------------------+---------------------+---------------------------+-------------+--------------+---------+-----------+------+--------------+---------------------------------+----------------+--------------+
Note: For table entries with two numbers listed, the numbers in parentheses indicate the number of resources of the given type used by the specific entity alone. The numbers listed outside of parentheses indicate the total resources of the given type used by the specific entity and all of its sub-entities in the hierarchy.


+----------------------------------------------------------------------------------------------------+
; User-Specified and Inferred Latches                                                                ;
+-----------------------------------------------------+---------------------+------------------------+
; Latch Name                                          ; Latch Enable Signal ; Free of Timing Hazards ;
+-----------------------------------------------------+---------------------+------------------------+
; SEG7_LUT:U2|os[0]                                   ; SEG7_LUT:U2|Mux7    ; yes                    ;
; SEG7_LUT:U2|os[1]                                   ; SEG7_LUT:U2|Mux7    ; yes                    ;
; SEG7_LUT:U2|os[2]                                   ; SEG7_LUT:U2|Mux7    ; yes                    ;
; SEG7_LUT:U2|os[3]                                   ; SEG7_LUT:U2|Mux7    ; yes                    ;
; SEG7_LUT:U2|os[4]                                   ; SEG7_LUT:U2|Mux7    ; yes                    ;
; SEG7_LUT:U2|os[5]                                   ; SEG7_LUT:U2|Mux7    ; yes                    ;
; SEG7_LUT:U2|os[6]                                   ; SEG7_LUT:U2|Mux7    ; yes                    ;
; SEG7_LUT:U3|os[0]                                   ; SEG7_LUT:U3|Mux7    ; yes                    ;
; SEG7_LUT:U3|os[1]                                   ; SEG7_LUT:U3|Mux7    ; yes                    ;
; SEG7_LUT:U3|os[2]                                   ; SEG7_LUT:U3|Mux7    ; yes                    ;
; SEG7_LUT:U3|os[3]                                   ; SEG7_LUT:U3|Mux7    ; yes                    ;
; SEG7_LUT:U3|os[4]                                   ; SEG7_LUT:U3|Mux7    ; yes                    ;
; SEG7_LUT:U3|os[5]                                   ; SEG7_LUT:U3|Mux7    ; yes                    ;
; SEG7_LUT:U3|os[6]                                   ; SEG7_LUT:U3|Mux7    ; yes                    ;
; Number of user-specified and inferred latches = 14  ;                     ;                        ;
+-----------------------------------------------------+---------------------+------------------------+
Note: All latches listed above may not be present at the end of synthesis due to various synthesis optimizations.


+------------------------------------------------------+
; General Register Statistics                          ;
+----------------------------------------------+-------+
; Statistic                                    ; Value ;
+----------------------------------------------+-------+
; Total registers                              ; 34    ;
; Number of registers using Synchronous Clear  ; 25    ;
; Number of registers using Synchronous Load   ; 0     ;
; Number of registers using Asynchronous Clear ; 34    ;
; Number of registers using Asynchronous Load  ; 0     ;
; Number of registers using Clock Enable       ; 0     ;
; Number of registers using Preset             ; 0     ;
+----------------------------------------------+-------+


+--------------------------------------------------+
; Inverted Register Statistics                     ;
+----------------------------------------+---------+
; Inverted Register                      ; Fan out ;
+----------------------------------------+---------+
; Basketball:U1|TimerL[2]                ; 13      ;
; Basketball:U1|TimerH[1]                ; 12      ;
; Total number of inverted registers = 2 ;         ;
+----------------------------------------+---------+


+-------------------------------------------------------------------------------------------------------------------------------------------------------+
; Multiplexer Restructuring Statistics (Restructuring Performed)                                                                                        ;
+--------------------+-----------+---------------+----------------------+------------------------+------------+-----------------------------------------+
; Multiplexer Inputs ; Bus Width ; Baseline Area ; Area if Restructured ; Saving if Restructured ; Registered ; Example Multiplexer Output              ;
+--------------------+-----------+---------------+----------------------+------------------------+------------+-----------------------------------------+
; 3:1                ; 3 bits    ; 6 LEs         ; 3 LEs                ; 3 LEs                  ; Yes        ; |basketball_top|Basketball:U1|TimerL[0] ;
+--------------------+-----------+---------------+----------------------+------------------------+------------+-----------------------------------------+


+--------------------------------------------------------------+
; Parameter Settings for User Entity Instance: Divider50MHz:U0 ;
+----------------+----------+----------------------------------+
; Parameter Name ; Value    ; Type                             ;
+----------------+----------+----------------------------------+
; N              ; 25       ; Signed Integer                   ;
; CLK_Freq       ; 50000000 ; Signed Integer                   ;
; OUT_Freq       ; 1        ; Signed Integer                   ;
+----------------+----------+----------------------------------+
Note: In order to hide this table in the UI and the text report file, please set the "Show Parameter Settings in Synthesis Report" option in "Analysis and Synthesis Settings -> More Settings" to "Off".


+-----------------------------------------------------+
; Post-Synthesis Netlist Statistics for Top Partition ;
+-----------------------+-----------------------------+
; Type                  ; Count                       ;
+-----------------------+-----------------------------+
; boundary_port         ; 18                          ;
; cycloneiii_ff         ; 34                          ;
;     CLR               ; 9                           ;
;     CLR SCLR          ; 25                          ;
; cycloneiii_lcell_comb ; 84                          ;
;     arith             ; 24                          ;
;         2 data inputs ; 24                          ;
;     normal            ; 60                          ;
;         1 data inputs ; 1                           ;
;         2 data inputs ; 1                           ;
;         3 data inputs ; 30                          ;
;         4 data inputs ; 28                          ;
;                       ;                             ;
; Max LUT depth         ; 3.40                        ;
; Average LUT depth     ; 2.47                        ;
+-----------------------+-----------------------------+


+-------------------------------+
; Elapsed Time Per Partition    ;
+----------------+--------------+
; Partition Name ; Elapsed Time ;
+----------------+--------------+
; Top            ; 00:00:00     ;
+----------------+--------------+


+-------------------------------+
; Analysis & Synthesis Messages ;
+-------------------------------+
Info: *******************************************************************
Info: Running Quartus Prime Analysis & Synthesis
    Info: Version 18.1.0 Build 625 09/12/2018 SJ Lite Edition
    Info: Processing started: Sat Mar 08 19:39:25 2025
Info: Command: quartus_map --read_settings_files=on --write_settings_files=off basketball_top -c basketball_top
Warning (18236): Number of processors has not been specified which may cause overloading on shared machines.  Set the global assignment NUM_PARALLEL_PROCESSORS in your QSF to an appropriate value for best performance.
Info (20030): Parallel compilation is enabled and will use 14 of the 14 processors detected
Info (12021): Found 1 design units, including 1 entities, in source file divider50mhz.v
    Info (12023): Found entity 1: Divider50MHz File: F:/fp/q2/basketball_top/Divider50MHz.v Line: 1
Info (12021): Found 1 design units, including 1 entities, in source file basketball.v
    Info (12023): Found entity 1: Basketball File: F:/fp/q2/basketball_top/Basketball.v Line: 1
Info (12021): Found 1 design units, including 1 entities, in source file basketball_top.v
    Info (12023): Found entity 1: basketball_top File: F:/fp/q2/basketball_top/basketball_top.v Line: 1
Info (12127): Elaborating entity "basketball_top" for the top level hierarchy
Info (12128): Elaborating entity "Divider50MHz" for hierarchy "Divider50MHz:U0" File: F:/fp/q2/basketball_top/basketball_top.v Line: 16
Info (12128): Elaborating entity "Basketball" for hierarchy "Basketball:U1" File: F:/fp/q2/basketball_top/basketball_top.v Line: 25
Warning (12125): Using design file seg7_lut.v, which is not specified as a design file for the current project, but contains definitions for 1 design units and 1 entities in project
    Info (12023): Found entity 1: SEG7_LUT File: F:/fp/q2/basketball_top/seg7_lut.v Line: 1
Info (12128): Elaborating entity "SEG7_LUT" for hierarchy "SEG7_LUT:U2" File: F:/fp/q2/basketball_top/basketball_top.v Line: 28
Warning (10270): Verilog HDL Case Statement warning at seg7_lut.v(7): incomplete case statement has no default case item File: F:/fp/q2/basketball_top/seg7_lut.v Line: 7
Warning (10240): Verilog HDL Always Construct warning at seg7_lut.v(5): inferring latch(es) for variable "os", which holds its previous value in one or more paths through the always construct File: F:/fp/q2/basketball_top/seg7_lut.v Line: 5
Info (10041): Inferred latch for "os[0]" at seg7_lut.v(5) File: F:/fp/q2/basketball_top/seg7_lut.v Line: 5
Info (10041): Inferred latch for "os[1]" at seg7_lut.v(5) File: F:/fp/q2/basketball_top/seg7_lut.v Line: 5
Info (10041): Inferred latch for "os[2]" at seg7_lut.v(5) File: F:/fp/q2/basketball_top/seg7_lut.v Line: 5
Info (10041): Inferred latch for "os[3]" at seg7_lut.v(5) File: F:/fp/q2/basketball_top/seg7_lut.v Line: 5
Info (10041): Inferred latch for "os[4]" at seg7_lut.v(5) File: F:/fp/q2/basketball_top/seg7_lut.v Line: 5
Info (10041): Inferred latch for "os[5]" at seg7_lut.v(5) File: F:/fp/q2/basketball_top/seg7_lut.v Line: 5
Info (10041): Inferred latch for "os[6]" at seg7_lut.v(5) File: F:/fp/q2/basketball_top/seg7_lut.v Line: 5
Warning (13012): Latch SEG7_LUT:U2|os[0] has unsafe behavior File: F:/fp/q2/basketball_top/seg7_lut.v Line: 5
    Warning (13013): Ports D and ENA on the latch are fed by the same signal Basketball:U1|TimerL[1] File: F:/fp/q2/basketball_top/Basketball.v Line: 13
Warning (13012): Latch SEG7_LUT:U2|os[1] has unsafe behavior File: F:/fp/q2/basketball_top/seg7_lut.v Line: 5
    Warning (13013): Ports D and ENA on the latch are fed by the same signal Basketball:U1|TimerL[2] File: F:/fp/q2/basketball_top/Basketball.v Line: 13
Warning (13012): Latch SEG7_LUT:U2|os[2] has unsafe behavior File: F:/fp/q2/basketball_top/seg7_lut.v Line: 5
    Warning (13013): Ports D and ENA on the latch are fed by the same signal Basketball:U1|TimerL[2] File: F:/fp/q2/basketball_top/Basketball.v Line: 13
Warning (13012): Latch SEG7_LUT:U2|os[3] has unsafe behavior File: F:/fp/q2/basketball_top/seg7_lut.v Line: 5
    Warning (13013): Ports D and ENA on the latch are fed by the same signal Basketball:U1|TimerL[2] File: F:/fp/q2/basketball_top/Basketball.v Line: 13
Warning (13012): Latch SEG7_LUT:U2|os[4] has unsafe behavior File: F:/fp/q2/basketball_top/seg7_lut.v Line: 5
    Warning (13013): Ports D and ENA on the latch are fed by the same signal Basketball:U1|TimerL[2] File: F:/fp/q2/basketball_top/Basketball.v Line: 13
Warning (13012): Latch SEG7_LUT:U2|os[5] has unsafe behavior File: F:/fp/q2/basketball_top/seg7_lut.v Line: 5
    Warning (13013): Ports D and ENA on the latch are fed by the same signal Basketball:U1|TimerL[1] File: F:/fp/q2/basketball_top/Basketball.v Line: 13
Warning (13012): Latch SEG7_LUT:U2|os[6] has unsafe behavior File: F:/fp/q2/basketball_top/seg7_lut.v Line: 5
    Warning (13013): Ports D and ENA on the latch are fed by the same signal Basketball:U1|TimerL[1] File: F:/fp/q2/basketball_top/Basketball.v Line: 13
Warning (13012): Latch SEG7_LUT:U3|os[0] has unsafe behavior File: F:/fp/q2/basketball_top/seg7_lut.v Line: 5
    Warning (13013): Ports D and ENA on the latch are fed by the same signal Basketball:U1|TimerH[1] File: F:/fp/q2/basketball_top/Basketball.v Line: 13
Warning (13012): Latch SEG7_LUT:U3|os[1] has unsafe behavior File: F:/fp/q2/basketball_top/seg7_lut.v Line: 5
    Warning (13013): Ports D and ENA on the latch are fed by the same signal Basketball:U1|TimerH[2] File: F:/fp/q2/basketball_top/Basketball.v Line: 13
Warning (13012): Latch SEG7_LUT:U3|os[2] has unsafe behavior File: F:/fp/q2/basketball_top/seg7_lut.v Line: 5
    Warning (13013): Ports D and ENA on the latch are fed by the same signal Basketball:U1|TimerH[2] File: F:/fp/q2/basketball_top/Basketball.v Line: 13
Warning (13012): Latch SEG7_LUT:U3|os[3] has unsafe behavior File: F:/fp/q2/basketball_top/seg7_lut.v Line: 5
    Warning (13013): Ports D and ENA on the latch are fed by the same signal Basketball:U1|TimerH[2] File: F:/fp/q2/basketball_top/Basketball.v Line: 13
Warning (13012): Latch SEG7_LUT:U3|os[4] has unsafe behavior File: F:/fp/q2/basketball_top/seg7_lut.v Line: 5
    Warning (13013): Ports D and ENA on the latch are fed by the same signal Basketball:U1|TimerH[2] File: F:/fp/q2/basketball_top/Basketball.v Line: 13
Warning (13012): Latch SEG7_LUT:U3|os[5] has unsafe behavior File: F:/fp/q2/basketball_top/seg7_lut.v Line: 5
    Warning (13013): Ports D and ENA on the latch are fed by the same signal Basketball:U1|TimerH[1] File: F:/fp/q2/basketball_top/Basketball.v Line: 13
Warning (13012): Latch SEG7_LUT:U3|os[6] has unsafe behavior File: F:/fp/q2/basketball_top/seg7_lut.v Line: 5
    Warning (13013): Ports D and ENA on the latch are fed by the same signal Basketball:U1|TimerH[1] File: F:/fp/q2/basketball_top/Basketball.v Line: 13
Info (13000): Registers with preset signals will power-up high File: F:/fp/q2/basketball_top/Basketball.v Line: 13
Info (13003): DEV_CLRn pin will set, and not reset, register with preset signal due to NOT Gate Push-Back
Info (286030): Timing-Driven Synthesis is running
Info (16010): Generating hard_block partition "hard_block:auto_generated_inst"
    Info (16011): Adding 0 node(s), including 0 DDIO, 0 PLL, 0 transceiver and 0 LCELL
Info (21057): Implemented 102 device resources after synthesis - the final resource count might be different
    Info (21058): Implemented 3 input pins
    Info (21059): Implemented 15 output pins
    Info (21061): Implemented 84 logic cells
Info: Quartus Prime Analysis & Synthesis was successful. 0 errors, 32 warnings
    Info: Peak virtual memory: 4867 megabytes
    Info: Processing ended: Sat Mar 08 19:39:32 2025
    Info: Elapsed time: 00:00:07
    Info: Total CPU time (on all processors): 00:00:14


