Analysis & Synthesis report for stopwatch
Sat Mar 15 20:02:21 2025
Quartus Prime Version 18.1.0 Build 625 09/12/2018 SJ Lite Edition


---------------------
; Table of Contents ;
---------------------
  1. Legal Notice
  2. Analysis & Synthesis Summary
  3. Analysis & Synthesis Settings
  4. Parallel Compilation
  5. Analysis & Synthesis Source Files Read
  6. Analysis & Synthesis Resource Usage Summary
  7. Analysis & Synthesis Resource Utilization by Entity
  8. State Machine - |stopwatch|state
  9. User-Specified and Inferred Latches
 10. Registers Removed During Synthesis
 11. General Register Statistics
 12. Inverted Register Statistics
 13. Multiplexer Restructuring Statistics (Restructuring Performed)
 14. Parameter Settings for User Entity Instance: Top-level Entity: |stopwatch
 15. Post-Synthesis Netlist Statistics for Top Partition
 16. Elapsed Time Per Partition
 17. Analysis & Synthesis Messages



----------------
; Legal Notice ;
----------------
Copyright (C) 2018  Intel Corporation. All rights reserved.
Your use of Intel Corporation's design tools, logic functions 
and other software and tools, and its AMPP partner logic 
functions, and any output files from any of the foregoing 
(including device programming or simulation files), and any 
associated documentation or information are expressly subject 
to the terms and conditions of the Intel Program License 
Subscription Agreement, the Intel Quartus Prime License Agreement,
the Intel FPGA IP License Agreement, or other applicable license
agreement, including, without limitation, that your use is for
the sole purpose of programming logic devices manufactured by
Intel and sold by Intel or its authorized distributors.  Please
refer to the applicable agreement for further details.



+----------------------------------------------------------------------------------+
; Analysis & Synthesis Summary                                                     ;
+------------------------------------+---------------------------------------------+
; Analysis & Synthesis Status        ; Successful - Sat Mar 15 20:02:21 2025       ;
; Quartus Prime Version              ; 18.1.0 Build 625 09/12/2018 SJ Lite Edition ;
; Revision Name                      ; stopwatch                                   ;
; Top-level Entity Name              ; stopwatch                                   ;
; Family                             ; Cyclone IV E                                ;
; Total logic elements               ; 241                                         ;
;     Total combinational functions  ; 239                                         ;
;     Dedicated logic registers      ; 72                                          ;
; Total registers                    ; 72                                          ;
; Total pins                         ; 53                                          ;
; Total virtual pins                 ; 0                                           ;
; Total memory bits                  ; 0                                           ;
; Embedded Multiplier 9-bit elements ; 0                                           ;
; Total PLLs                         ; 0                                           ;
+------------------------------------+---------------------------------------------+


+------------------------------------------------------------------------------------------------------------+
; Analysis & Synthesis Settings                                                                              ;
+------------------------------------------------------------------+--------------------+--------------------+
; Option                                                           ; Setting            ; Default Value      ;
+------------------------------------------------------------------+--------------------+--------------------+
; Device                                                           ; EP4CE115F29C7      ;                    ;
; Top-level entity name                                            ; stopwatch          ; stopwatch          ;
; Family name                                                      ; Cyclone IV E       ; Cyclone V          ;
; Use smart compilation                                            ; Off                ; Off                ;
; Enable parallel Assembler and Timing Analyzer during compilation ; On                 ; On                 ;
; Enable compact report table                                      ; Off                ; Off                ;
; Restructure Multiplexers                                         ; Auto               ; Auto               ;
; Create Debugging Nodes for IP Cores                              ; Off                ; Off                ;
; Preserve fewer node names                                        ; On                 ; On                 ;
; Intel FPGA IP Evaluation Mode                                    ; Enable             ; Enable             ;
; Verilog Version                                                  ; Verilog_2001       ; Verilog_2001       ;
; VHDL Version                                                     ; VHDL_1993          ; VHDL_1993          ;
; State Machine Processing                                         ; Auto               ; Auto               ;
; Safe State Machine                                               ; Off                ; Off                ;
; Extract Verilog State Machines                                   ; On                 ; On                 ;
; Extract VHDL State Machines                                      ; On                 ; On                 ;
; Ignore Verilog initial constructs                                ; Off                ; Off                ;
; Iteration limit for constant Verilog loops                       ; 5000               ; 5000               ;
; Iteration limit for non-constant Verilog loops                   ; 250                ; 250                ;
; Add Pass-Through Logic to Inferred RAMs                          ; On                 ; On                 ;
; Infer RAMs from Raw Logic                                        ; On                 ; On                 ;
; Parallel Synthesis                                               ; On                 ; On                 ;
; DSP Block Balancing                                              ; Auto               ; Auto               ;
; NOT Gate Push-Back                                               ; On                 ; On                 ;
; Power-Up Don't Care                                              ; On                 ; On                 ;
; Remove Redundant Logic Cells                                     ; Off                ; Off                ;
; Remove Duplicate Registers                                       ; On                 ; On                 ;
; Ignore CARRY Buffers                                             ; Off                ; Off                ;
; Ignore CASCADE Buffers                                           ; Off                ; Off                ;
; Ignore GLOBAL Buffers                                            ; Off                ; Off                ;
; Ignore ROW GLOBAL Buffers                                        ; Off                ; Off                ;
; Ignore LCELL Buffers                                             ; Off                ; Off                ;
; Ignore SOFT Buffers                                              ; On                 ; On                 ;
; Limit AHDL Integers to 32 Bits                                   ; Off                ; Off                ;
; Optimization Technique                                           ; Balanced           ; Balanced           ;
; Carry Chain Length                                               ; 70                 ; 70                 ;
; Auto Carry Chains                                                ; On                 ; On                 ;
; Auto Open-Drain Pins                                             ; On                 ; On                 ;
; Perform WYSIWYG Primitive Resynthesis                            ; Off                ; Off                ;
; Auto ROM Replacement                                             ; On                 ; On                 ;
; Auto RAM Replacement                                             ; On                 ; On                 ;
; Auto DSP Block Replacement                                       ; On                 ; On                 ;
; Auto Shift Register Replacement                                  ; Auto               ; Auto               ;
; Allow Shift Register Merging across Hierarchies                  ; Auto               ; Auto               ;
; Auto Clock Enable Replacement                                    ; On                 ; On                 ;
; Strict RAM Replacement                                           ; Off                ; Off                ;
; Allow Synchronous Control Signals                                ; On                 ; On                 ;
; Force Use of Synchronous Clear Signals                           ; Off                ; Off                ;
; Auto RAM Block Balancing                                         ; On                 ; On                 ;
; Auto RAM to Logic Cell Conversion                                ; Off                ; Off                ;
; Auto Resource Sharing                                            ; Off                ; Off                ;
; Allow Any RAM Size For Recognition                               ; Off                ; Off                ;
; Allow Any ROM Size For Recognition                               ; Off                ; Off                ;
; Allow Any Shift Register Size For Recognition                    ; Off                ; Off                ;
; Use LogicLock Constraints during Resource Balancing              ; On                 ; On                 ;
; Ignore translate_off and synthesis_off directives                ; Off                ; Off                ;
; Timing-Driven Synthesis                                          ; On                 ; On                 ;
; Report Parameter Settings                                        ; On                 ; On                 ;
; Report Source Assignments                                        ; On                 ; On                 ;
; Report Connectivity Checks                                       ; On                 ; On                 ;
; Ignore Maximum Fan-Out Assignments                               ; Off                ; Off                ;
; Synchronization Register Chain Length                            ; 2                  ; 2                  ;
; Power Optimization During Synthesis                              ; Normal compilation ; Normal compilation ;
; HDL message level                                                ; Level2             ; Level2             ;
; Suppress Register Optimization Related Messages                  ; Off                ; Off                ;
; Number of Removed Registers Reported in Synthesis Report         ; 5000               ; 5000               ;
; Number of Swept Nodes Reported in Synthesis Report               ; 5000               ; 5000               ;
; Number of Inverted Registers Reported in Synthesis Report        ; 100                ; 100                ;
; Clock MUX Protection                                             ; On                 ; On                 ;
; Auto Gated Clock Conversion                                      ; Off                ; Off                ;
; Block Design Naming                                              ; Auto               ; Auto               ;
; SDC constraint protection                                        ; Off                ; Off                ;
; Synthesis Effort                                                 ; Auto               ; Auto               ;
; Shift Register Replacement - Allow Asynchronous Clear Signal     ; On                 ; On                 ;
; Pre-Mapping Resynthesis Optimization                             ; Off                ; Off                ;
; Analysis & Synthesis Message Level                               ; Medium             ; Medium             ;
; Disable Register Merging Across Hierarchies                      ; Auto               ; Auto               ;
; Resource Aware Inference For Block RAM                           ; On                 ; On                 ;
+------------------------------------------------------------------+--------------------+--------------------+


+------------------------------------------+
; Parallel Compilation                     ;
+----------------------------+-------------+
; Processors                 ; Number      ;
+----------------------------+-------------+
; Number detected on machine ; 20          ;
; Maximum allowed            ; 14          ;
;                            ;             ;
; Average used               ; 1.00        ;
; Maximum used               ; 14          ;
;                            ;             ;
; Usage by Processor         ; % Time Used ;
;     Processor 1            ; 100.0%      ;
;     Processor 2            ;   0.0%      ;
;     Processors 3-14        ;   0.0%      ;
+----------------------------+-------------+


+------------------------------------------------------------------------------------------------------------------------------+
; Analysis & Synthesis Source Files Read                                                                                       ;
+----------------------------------+-----------------+------------------------------+--------------------------------+---------+
; File Name with User-Entered Path ; Used in Netlist ; File Type                    ; File Name with Absolute Path   ; Library ;
+----------------------------------+-----------------+------------------------------+--------------------------------+---------+
; stopwatch.v                      ; yes             ; User Verilog HDL File        ; F:/fp/q2/stopwatch/stopwatch.v ;         ;
; seg7_lut.v                       ; yes             ; Auto-Found Verilog HDL File  ; F:/fp/q2/stopwatch/seg7_lut.v  ;         ;
+----------------------------------+-----------------+------------------------------+--------------------------------+---------+


+---------------------------------------------------------+
; Analysis & Synthesis Resource Usage Summary             ;
+---------------------------------------------+-----------+
; Resource                                    ; Usage     ;
+---------------------------------------------+-----------+
; Estimated Total logic elements              ; 241       ;
;                                             ;           ;
; Total combinational functions               ; 239       ;
; Logic element usage by number of LUT inputs ;           ;
;     -- 4 input functions                    ; 59        ;
;     -- 3 input functions                    ; 109       ;
;     -- <=2 input functions                  ; 71        ;
;                                             ;           ;
; Logic elements by mode                      ;           ;
;     -- normal mode                          ; 201       ;
;     -- arithmetic mode                      ; 38        ;
;                                             ;           ;
; Total registers                             ; 72        ;
;     -- Dedicated logic registers            ; 72        ;
;     -- I/O registers                        ; 0         ;
;                                             ;           ;
; I/O pins                                    ; 53        ;
;                                             ;           ;
; Embedded Multiplier 9-bit elements          ; 0         ;
;                                             ;           ;
; Maximum fan-out node                        ; clk~input ;
; Maximum fan-out                             ; 72        ;
; Total fan-out                               ; 1082      ;
; Average fan-out                             ; 2.59      ;
+---------------------------------------------+-----------+


+--------------------------------------------------------------------------------------------------------------------------------------------------------------------------------------------------------------+
; Analysis & Synthesis Resource Utilization by Entity                                                                                                                                                          ;
+----------------------------+---------------------+---------------------------+-------------+--------------+---------+-----------+------+--------------+-------------------------+-------------+--------------+
; Compilation Hierarchy Node ; Combinational ALUTs ; Dedicated Logic Registers ; Memory Bits ; DSP Elements ; DSP 9x9 ; DSP 18x18 ; Pins ; Virtual Pins ; Full Hierarchy Name     ; Entity Name ; Library Name ;
+----------------------------+---------------------+---------------------------+-------------+--------------+---------+-----------+------+--------------+-------------------------+-------------+--------------+
; |stopwatch                 ; 239 (149)           ; 72 (72)                   ; 0           ; 0            ; 0       ; 0         ; 53   ; 0            ; |stopwatch              ; stopwatch   ; work         ;
;    |SEG7_LUT:UL0|          ; 15 (15)             ; 0 (0)                     ; 0           ; 0            ; 0       ; 0         ; 0    ; 0            ; |stopwatch|SEG7_LUT:UL0 ; SEG7_LUT    ; work         ;
;    |SEG7_LUT:UL1|          ; 15 (15)             ; 0 (0)                     ; 0           ; 0            ; 0       ; 0         ; 0    ; 0            ; |stopwatch|SEG7_LUT:UL1 ; SEG7_LUT    ; work         ;
;    |SEG7_LUT:UL2|          ; 15 (15)             ; 0 (0)                     ; 0           ; 0            ; 0       ; 0         ; 0    ; 0            ; |stopwatch|SEG7_LUT:UL2 ; SEG7_LUT    ; work         ;
;    |SEG7_LUT:UL3|          ; 15 (15)             ; 0 (0)                     ; 0           ; 0            ; 0       ; 0         ; 0    ; 0            ; |stopwatch|SEG7_LUT:UL3 ; SEG7_LUT    ; work         ;
;    |SEG7_LUT:UL4|          ; 15 (15)             ; 0 (0)                     ; 0           ; 0            ; 0       ; 0         ; 0    ; 0            ; |stopwatch|SEG7_LUT:UL4 ; SEG7_LUT    ; work         ;
;    |SEG7_LUT:UL5|          ; 15 (15)             ; 0 (0)                     ; 0           ; 0            ; 0       ; 0         ; 0    ; 0            ; |stopwatch|SEG7_LUT:UL5 ; SEG7_LUT    ; work         ;
+----------------------------+---------------------+---------------------------+-------------+--------------+---------+-----------+------+--------------+-------------------------+-------------+--------------+
Note: For table entries with two numbers listed, the numbers in parentheses indicate the number of resources of the given type used by the specific entity alone. The numbers listed outside of parentheses indicate the total resources of the given type used by the specific entity and all of its sub-entities in the hierarchy.


Encoding Type:  One-Hot
+-------------------------------------------------------------------------------+
; State Machine - |stopwatch|state                                              ;
+----------------+----------------+----------------+---------------+------------+
; Name           ; state.PAUSED_R ; state.PAUSED_S ; state.RUNNING ; state.IDLE ;
+----------------+----------------+----------------+---------------+------------+
; state.IDLE     ; 0              ; 0              ; 0             ; 0          ;
; state.RUNNING  ; 0              ; 0              ; 1             ; 1          ;
; state.PAUSED_S ; 0              ; 1              ; 0             ; 1          ;
; state.PAUSED_R ; 1              ; 0              ; 0             ; 1          ;
+----------------+----------------+----------------+---------------+------------+


+----------------------------------------------------------------------------------------------------+
; User-Specified and Inferred Latches                                                                ;
+-----------------------------------------------------+---------------------+------------------------+
; Latch Name                                          ; Latch Enable Signal ; Free of Timing Hazards ;
+-----------------------------------------------------+---------------------+------------------------+
; SEG7_LUT:UL0|oSEG[0]                                ; SEG7_LUT:UL0|Mux7   ; yes                    ;
; SEG7_LUT:UL0|oSEG[1]                                ; SEG7_LUT:UL0|Mux7   ; yes                    ;
; SEG7_LUT:UL0|oSEG[2]                                ; SEG7_LUT:UL0|Mux7   ; yes                    ;
; SEG7_LUT:UL0|oSEG[3]                                ; SEG7_LUT:UL0|Mux7   ; yes                    ;
; SEG7_LUT:UL0|oSEG[4]                                ; SEG7_LUT:UL0|Mux7   ; yes                    ;
; SEG7_LUT:UL0|oSEG[5]                                ; SEG7_LUT:UL0|Mux7   ; yes                    ;
; SEG7_LUT:UL0|oSEG[6]                                ; SEG7_LUT:UL0|Mux7   ; yes                    ;
; SEG7_LUT:UL1|oSEG[0]                                ; SEG7_LUT:UL1|Mux7   ; yes                    ;
; SEG7_LUT:UL1|oSEG[1]                                ; SEG7_LUT:UL1|Mux7   ; yes                    ;
; SEG7_LUT:UL1|oSEG[2]                                ; SEG7_LUT:UL1|Mux7   ; yes                    ;
; SEG7_LUT:UL1|oSEG[3]                                ; SEG7_LUT:UL1|Mux7   ; yes                    ;
; SEG7_LUT:UL1|oSEG[4]                                ; SEG7_LUT:UL1|Mux7   ; yes                    ;
; SEG7_LUT:UL1|oSEG[5]                                ; SEG7_LUT:UL1|Mux7   ; yes                    ;
; SEG7_LUT:UL1|oSEG[6]                                ; SEG7_LUT:UL1|Mux7   ; yes                    ;
; SEG7_LUT:UL2|oSEG[0]                                ; SEG7_LUT:UL2|Mux7   ; yes                    ;
; SEG7_LUT:UL2|oSEG[1]                                ; SEG7_LUT:UL2|Mux7   ; yes                    ;
; SEG7_LUT:UL2|oSEG[2]                                ; SEG7_LUT:UL2|Mux7   ; yes                    ;
; SEG7_LUT:UL2|oSEG[3]                                ; SEG7_LUT:UL2|Mux7   ; yes                    ;
; SEG7_LUT:UL2|oSEG[4]                                ; SEG7_LUT:UL2|Mux7   ; yes                    ;
; SEG7_LUT:UL2|oSEG[5]                                ; SEG7_LUT:UL2|Mux7   ; yes                    ;
; SEG7_LUT:UL2|oSEG[6]                                ; SEG7_LUT:UL2|Mux7   ; yes                    ;
; SEG7_LUT:UL3|oSEG[0]                                ; SEG7_LUT:UL3|Mux7   ; yes                    ;
; SEG7_LUT:UL3|oSEG[1]                                ; SEG7_LUT:UL3|Mux7   ; yes                    ;
; SEG7_LUT:UL3|oSEG[2]                                ; SEG7_LUT:UL3|Mux7   ; yes                    ;
; SEG7_LUT:UL3|oSEG[3]                                ; SEG7_LUT:UL3|Mux7   ; yes                    ;
; SEG7_LUT:UL3|oSEG[4]                                ; SEG7_LUT:UL3|Mux7   ; yes                    ;
; SEG7_LUT:UL3|oSEG[5]                                ; SEG7_LUT:UL3|Mux7   ; yes                    ;
; SEG7_LUT:UL3|oSEG[6]                                ; SEG7_LUT:UL3|Mux7   ; yes                    ;
; SEG7_LUT:UL4|oSEG[0]                                ; SEG7_LUT:UL4|Mux7   ; yes                    ;
; SEG7_LUT:UL4|oSEG[1]                                ; SEG7_LUT:UL4|Mux7   ; yes                    ;
; SEG7_LUT:UL4|oSEG[2]                                ; SEG7_LUT:UL4|Mux7   ; yes                    ;
; SEG7_LUT:UL4|oSEG[3]                                ; SEG7_LUT:UL4|Mux7   ; yes                    ;
; SEG7_LUT:UL4|oSEG[4]                                ; SEG7_LUT:UL4|Mux7   ; yes                    ;
; SEG7_LUT:UL4|oSEG[5]                                ; SEG7_LUT:UL4|Mux7   ; yes                    ;
; SEG7_LUT:UL4|oSEG[6]                                ; SEG7_LUT:UL4|Mux7   ; yes                    ;
; SEG7_LUT:UL5|oSEG[0]                                ; SEG7_LUT:UL5|Mux7   ; yes                    ;
; SEG7_LUT:UL5|oSEG[1]                                ; SEG7_LUT:UL5|Mux7   ; yes                    ;
; SEG7_LUT:UL5|oSEG[2]                                ; SEG7_LUT:UL5|Mux7   ; yes                    ;
; SEG7_LUT:UL5|oSEG[3]                                ; SEG7_LUT:UL5|Mux7   ; yes                    ;
; SEG7_LUT:UL5|oSEG[4]                                ; SEG7_LUT:UL5|Mux7   ; yes                    ;
; SEG7_LUT:UL5|oSEG[5]                                ; SEG7_LUT:UL5|Mux7   ; yes                    ;
; SEG7_LUT:UL5|oSEG[6]                                ; SEG7_LUT:UL5|Mux7   ; yes                    ;
; Number of user-specified and inferred latches = 42  ;                     ;                        ;
+-----------------------------------------------------+---------------------+------------------------+
Note: All latches listed above may not be present at the end of synthesis due to various synthesis optimizations.


+---------------------------------------------------------------------+
; Registers Removed During Synthesis                                  ;
+----------------------------------------+----------------------------+
; Register name                          ; Reason for Removal         ;
+----------------------------------------+----------------------------+
; debounce_s[19]                         ; Merged with debounce_r[19] ;
; debounce_s[18]                         ; Merged with debounce_r[18] ;
; debounce_s[17]                         ; Merged with debounce_r[17] ;
; debounce_s[16]                         ; Merged with debounce_r[16] ;
; debounce_s[15]                         ; Merged with debounce_r[15] ;
; debounce_s[14]                         ; Merged with debounce_r[14] ;
; debounce_s[13]                         ; Merged with debounce_r[13] ;
; debounce_s[12]                         ; Merged with debounce_r[12] ;
; debounce_s[11]                         ; Merged with debounce_r[11] ;
; debounce_s[10]                         ; Merged with debounce_r[10] ;
; debounce_s[9]                          ; Merged with debounce_r[9]  ;
; debounce_s[8]                          ; Merged with debounce_r[8]  ;
; debounce_s[7]                          ; Merged with debounce_r[7]  ;
; debounce_s[6]                          ; Merged with debounce_r[6]  ;
; debounce_s[5]                          ; Merged with debounce_r[5]  ;
; debounce_s[4]                          ; Merged with debounce_r[4]  ;
; debounce_s[3]                          ; Merged with debounce_r[3]  ;
; debounce_s[2]                          ; Merged with debounce_r[2]  ;
; debounce_s[1]                          ; Merged with debounce_r[1]  ;
; debounce_s[0]                          ; Merged with debounce_r[0]  ;
; state~4                                ; Lost fanout                ;
; state~5                                ; Lost fanout                ;
; Total Number of Removed Registers = 22 ;                            ;
+----------------------------------------+----------------------------+


+------------------------------------------------------+
; General Register Statistics                          ;
+----------------------------------------------+-------+
; Statistic                                    ; Value ;
+----------------------------------------------+-------+
; Total registers                              ; 72    ;
; Number of registers using Synchronous Clear  ; 20    ;
; Number of registers using Synchronous Load   ; 24    ;
; Number of registers using Asynchronous Clear ; 72    ;
; Number of registers using Asynchronous Load  ; 0     ;
; Number of registers using Clock Enable       ; 2     ;
; Number of registers using Preset             ; 0     ;
+----------------------------------------------+-------+


+--------------------------------------------------+
; Inverted Register Statistics                     ;
+----------------------------------------+---------+
; Inverted Register                      ; Fan out ;
+----------------------------------------+---------+
; key_r_prev                             ; 1       ;
; key_r_stable                           ; 2       ;
; key_s_stable                           ; 4       ;
; key_s_prev                             ; 3       ;
; Total number of inverted registers = 4 ;         ;
+----------------------------------------+---------+


+------------------------------------------------------------------------------------------------------------------------------------------+
; Multiplexer Restructuring Statistics (Restructuring Performed)                                                                           ;
+--------------------+-----------+---------------+----------------------+------------------------+------------+----------------------------+
; Multiplexer Inputs ; Bus Width ; Baseline Area ; Area if Restructured ; Saving if Restructured ; Registered ; Example Multiplexer Output ;
+--------------------+-----------+---------------+----------------------+------------------------+------------+----------------------------+
; 3:1                ; 4 bits    ; 8 LEs         ; 8 LEs                ; 0 LEs                  ; No         ; |stopwatch|hsec_l          ;
; 3:1                ; 4 bits    ; 8 LEs         ; 8 LEs                ; 0 LEs                  ; No         ; |stopwatch|hsec_h          ;
; 3:1                ; 4 bits    ; 8 LEs         ; 8 LEs                ; 0 LEs                  ; No         ; |stopwatch|sec_l           ;
; 3:1                ; 4 bits    ; 8 LEs         ; 8 LEs                ; 0 LEs                  ; No         ; |stopwatch|sec_h           ;
; 3:1                ; 4 bits    ; 8 LEs         ; 8 LEs                ; 0 LEs                  ; No         ; |stopwatch|min_l           ;
; 3:1                ; 4 bits    ; 8 LEs         ; 8 LEs                ; 0 LEs                  ; No         ; |stopwatch|min_h           ;
+--------------------+-----------+---------------+----------------------+------------------------+------------+----------------------------+


+---------------------------------------------------------------------------+
; Parameter Settings for User Entity Instance: Top-level Entity: |stopwatch ;
+-----------------+---------+-----------------------------------------------+
; Parameter Name  ; Value   ; Type                                          ;
+-----------------+---------+-----------------------------------------------+
; DIVIDER         ; 500000  ; Signed Integer                                ;
; DEBOUNCE_CYCLES ; 1000000 ; Signed Integer                                ;
+-----------------+---------+-----------------------------------------------+
Note: In order to hide this table in the UI and the text report file, please set the "Show Parameter Settings in Synthesis Report" option in "Analysis and Synthesis Settings -> More Settings" to "Off".


+-----------------------------------------------------+
; Post-Synthesis Netlist Statistics for Top Partition ;
+-----------------------+-----------------------------+
; Type                  ; Count                       ;
+-----------------------+-----------------------------+
; boundary_port         ; 53                          ;
; cycloneiii_ff         ; 72                          ;
;     CLR               ; 26                          ;
;     CLR SCLR          ; 20                          ;
;     CLR SLD           ; 24                          ;
;     ENA CLR           ; 2                           ;
; cycloneiii_lcell_comb ; 240                         ;
;     arith             ; 38                          ;
;         2 data inputs ; 38                          ;
;     normal            ; 202                         ;
;         0 data inputs ; 1                           ;
;         1 data inputs ; 4                           ;
;         2 data inputs ; 29                          ;
;         3 data inputs ; 109                         ;
;         4 data inputs ; 59                          ;
;                       ;                             ;
; Max LUT depth         ; 5.00                        ;
; Average LUT depth     ; 2.49                        ;
+-----------------------+-----------------------------+


+-------------------------------+
; Elapsed Time Per Partition    ;
+----------------+--------------+
; Partition Name ; Elapsed Time ;
+----------------+--------------+
; Top            ; 00:00:00     ;
+----------------+--------------+


+-------------------------------+
; Analysis & Synthesis Messages ;
+-------------------------------+
Info: *******************************************************************
Info: Running Quartus Prime Analysis & Synthesis
    Info: Version 18.1.0 Build 625 09/12/2018 SJ Lite Edition
    Info: Processing started: Sat Mar 15 20:02:14 2025
Info: Command: quartus_map --read_settings_files=on --write_settings_files=off stopwatch -c stopwatch
Warning (18236): Number of processors has not been specified which may cause overloading on shared machines.  Set the global assignment NUM_PARALLEL_PROCESSORS in your QSF to an appropriate value for best performance.
Info (20030): Parallel compilation is enabled and will use 14 of the 14 processors detected
Info (12021): Found 1 design units, including 1 entities, in source file stopwatch.v
    Info (12023): Found entity 1: stopwatch File: F:/fp/q2/stopwatch/stopwatch.v Line: 5
Info (12127): Elaborating entity "stopwatch" for the top level hierarchy
Warning (10230): Verilog HDL assignment warning at stopwatch.v(73): truncated value with size 32 to match size of target (20) File: F:/fp/q2/stopwatch/stopwatch.v Line: 73
Warning (10230): Verilog HDL assignment warning at stopwatch.v(82): truncated value with size 32 to match size of target (20) File: F:/fp/q2/stopwatch/stopwatch.v Line: 82
Warning (10230): Verilog HDL assignment warning at stopwatch.v(96): truncated value with size 32 to match size of target (20) File: F:/fp/q2/stopwatch/stopwatch.v Line: 96
Warning (10230): Verilog HDL assignment warning at stopwatch.v(161): truncated value with size 32 to match size of target (4) File: F:/fp/q2/stopwatch/stopwatch.v Line: 161
Warning (10230): Verilog HDL assignment warning at stopwatch.v(164): truncated value with size 32 to match size of target (4) File: F:/fp/q2/stopwatch/stopwatch.v Line: 164
Warning (10230): Verilog HDL assignment warning at stopwatch.v(168): truncated value with size 32 to match size of target (4) File: F:/fp/q2/stopwatch/stopwatch.v Line: 168
Warning (10230): Verilog HDL assignment warning at stopwatch.v(171): truncated value with size 32 to match size of target (4) File: F:/fp/q2/stopwatch/stopwatch.v Line: 171
Warning (10230): Verilog HDL assignment warning at stopwatch.v(175): truncated value with size 32 to match size of target (4) File: F:/fp/q2/stopwatch/stopwatch.v Line: 175
Warning (10230): Verilog HDL assignment warning at stopwatch.v(178): truncated value with size 32 to match size of target (4) File: F:/fp/q2/stopwatch/stopwatch.v Line: 178
Info (10264): Verilog HDL Case Statement information at stopwatch.v(155): all case item expressions in this case statement are onehot File: F:/fp/q2/stopwatch/stopwatch.v Line: 155
Warning (10034): Output port "HEX6" at stopwatch.v(11) has no driver File: F:/fp/q2/stopwatch/stopwatch.v Line: 11
Warning (12125): Using design file seg7_lut.v, which is not specified as a design file for the current project, but contains definitions for 1 design units and 1 entities in project
    Info (12023): Found entity 1: SEG7_LUT File: F:/fp/q2/stopwatch/seg7_lut.v Line: 1
Info (12128): Elaborating entity "SEG7_LUT" for hierarchy "SEG7_LUT:UL0" File: F:/fp/q2/stopwatch/stopwatch.v Line: 36
Warning (10270): Verilog HDL Case Statement warning at seg7_lut.v(7): incomplete case statement has no default case item File: F:/fp/q2/stopwatch/seg7_lut.v Line: 7
Warning (10240): Verilog HDL Always Construct warning at seg7_lut.v(5): inferring latch(es) for variable "oSEG", which holds its previous value in one or more paths through the always construct File: F:/fp/q2/stopwatch/seg7_lut.v Line: 5
Info (10041): Inferred latch for "oSEG[0]" at seg7_lut.v(5) File: F:/fp/q2/stopwatch/seg7_lut.v Line: 5
Info (10041): Inferred latch for "oSEG[1]" at seg7_lut.v(5) File: F:/fp/q2/stopwatch/seg7_lut.v Line: 5
Info (10041): Inferred latch for "oSEG[2]" at seg7_lut.v(5) File: F:/fp/q2/stopwatch/seg7_lut.v Line: 5
Info (10041): Inferred latch for "oSEG[3]" at seg7_lut.v(5) File: F:/fp/q2/stopwatch/seg7_lut.v Line: 5
Info (10041): Inferred latch for "oSEG[4]" at seg7_lut.v(5) File: F:/fp/q2/stopwatch/seg7_lut.v Line: 5
Info (10041): Inferred latch for "oSEG[5]" at seg7_lut.v(5) File: F:/fp/q2/stopwatch/seg7_lut.v Line: 5
Info (10041): Inferred latch for "oSEG[6]" at seg7_lut.v(5) File: F:/fp/q2/stopwatch/seg7_lut.v Line: 5
Warning (13012): Latch SEG7_LUT:UL0|oSEG[0] has unsafe behavior File: F:/fp/q2/stopwatch/seg7_lut.v Line: 5
    Warning (13013): Ports D and ENA on the latch are fed by the same signal hsec_l[1] File: F:/fp/q2/stopwatch/stopwatch.v Line: 155
Warning (13012): Latch SEG7_LUT:UL0|oSEG[1] has unsafe behavior File: F:/fp/q2/stopwatch/seg7_lut.v Line: 5
    Warning (13013): Ports D and ENA on the latch are fed by the same signal hsec_l[2] File: F:/fp/q2/stopwatch/stopwatch.v Line: 155
Warning (13012): Latch SEG7_LUT:UL0|oSEG[2] has unsafe behavior File: F:/fp/q2/stopwatch/seg7_lut.v Line: 5
    Warning (13013): Ports D and ENA on the latch are fed by the same signal hsec_l[1] File: F:/fp/q2/stopwatch/stopwatch.v Line: 155
Warning (13012): Latch SEG7_LUT:UL0|oSEG[3] has unsafe behavior File: F:/fp/q2/stopwatch/seg7_lut.v Line: 5
    Warning (13013): Ports D and ENA on the latch are fed by the same signal hsec_l[2] File: F:/fp/q2/stopwatch/stopwatch.v Line: 155
Warning (13012): Latch SEG7_LUT:UL0|oSEG[4] has unsafe behavior File: F:/fp/q2/stopwatch/seg7_lut.v Line: 5
    Warning (13013): Ports D and ENA on the latch are fed by the same signal hsec_l[1] File: F:/fp/q2/stopwatch/stopwatch.v Line: 155
Warning (13012): Latch SEG7_LUT:UL0|oSEG[5] has unsafe behavior File: F:/fp/q2/stopwatch/seg7_lut.v Line: 5
    Warning (13013): Ports D and ENA on the latch are fed by the same signal hsec_l[1] File: F:/fp/q2/stopwatch/stopwatch.v Line: 155
Warning (13012): Latch SEG7_LUT:UL0|oSEG[6] has unsafe behavior File: F:/fp/q2/stopwatch/seg7_lut.v Line: 5
    Warning (13013): Ports D and ENA on the latch are fed by the same signal hsec_l[1] File: F:/fp/q2/stopwatch/stopwatch.v Line: 155
Warning (13012): Latch SEG7_LUT:UL1|oSEG[0] has unsafe behavior File: F:/fp/q2/stopwatch/seg7_lut.v Line: 5
    Warning (13013): Ports D and ENA on the latch are fed by the same signal hsec_h[1] File: F:/fp/q2/stopwatch/stopwatch.v Line: 155
Warning (13012): Latch SEG7_LUT:UL1|oSEG[1] has unsafe behavior File: F:/fp/q2/stopwatch/seg7_lut.v Line: 5
    Warning (13013): Ports D and ENA on the latch are fed by the same signal hsec_h[2] File: F:/fp/q2/stopwatch/stopwatch.v Line: 155
Warning (13012): Latch SEG7_LUT:UL1|oSEG[2] has unsafe behavior File: F:/fp/q2/stopwatch/seg7_lut.v Line: 5
    Warning (13013): Ports D and ENA on the latch are fed by the same signal hsec_h[1] File: F:/fp/q2/stopwatch/stopwatch.v Line: 155
Warning (13012): Latch SEG7_LUT:UL1|oSEG[3] has unsafe behavior File: F:/fp/q2/stopwatch/seg7_lut.v Line: 5
    Warning (13013): Ports D and ENA on the latch are fed by the same signal hsec_h[2] File: F:/fp/q2/stopwatch/stopwatch.v Line: 155
Warning (13012): Latch SEG7_LUT:UL1|oSEG[4] has unsafe behavior File: F:/fp/q2/stopwatch/seg7_lut.v Line: 5
    Warning (13013): Ports D and ENA on the latch are fed by the same signal hsec_h[1] File: F:/fp/q2/stopwatch/stopwatch.v Line: 155
Warning (13012): Latch SEG7_LUT:UL1|oSEG[5] has unsafe behavior File: F:/fp/q2/stopwatch/seg7_lut.v Line: 5
    Warning (13013): Ports D and ENA on the latch are fed by the same signal hsec_h[1] File: F:/fp/q2/stopwatch/stopwatch.v Line: 155
Warning (13012): Latch SEG7_LUT:UL1|oSEG[6] has unsafe behavior File: F:/fp/q2/stopwatch/seg7_lut.v Line: 5
    Warning (13013): Ports D and ENA on the latch are fed by the same signal hsec_h[1] File: F:/fp/q2/stopwatch/stopwatch.v Line: 155
Warning (13012): Latch SEG7_LUT:UL2|oSEG[0] has unsafe behavior File: F:/fp/q2/stopwatch/seg7_lut.v Line: 5
    Warning (13013): Ports D and ENA on the latch are fed by the same signal sec_l[1] File: F:/fp/q2/stopwatch/stopwatch.v Line: 155
Warning (13012): Latch SEG7_LUT:UL2|oSEG[1] has unsafe behavior File: F:/fp/q2/stopwatch/seg7_lut.v Line: 5
    Warning (13013): Ports D and ENA on the latch are fed by the same signal sec_l[2] File: F:/fp/q2/stopwatch/stopwatch.v Line: 155
Warning (13012): Latch SEG7_LUT:UL2|oSEG[2] has unsafe behavior File: F:/fp/q2/stopwatch/seg7_lut.v Line: 5
    Warning (13013): Ports D and ENA on the latch are fed by the same signal sec_l[1] File: F:/fp/q2/stopwatch/stopwatch.v Line: 155
Warning (13012): Latch SEG7_LUT:UL2|oSEG[3] has unsafe behavior File: F:/fp/q2/stopwatch/seg7_lut.v Line: 5
    Warning (13013): Ports D and ENA on the latch are fed by the same signal sec_l[2] File: F:/fp/q2/stopwatch/stopwatch.v Line: 155
Warning (13012): Latch SEG7_LUT:UL2|oSEG[4] has unsafe behavior File: F:/fp/q2/stopwatch/seg7_lut.v Line: 5
    Warning (13013): Ports D and ENA on the latch are fed by the same signal sec_l[1] File: F:/fp/q2/stopwatch/stopwatch.v Line: 155
Warning (13012): Latch SEG7_LUT:UL2|oSEG[5] has unsafe behavior File: F:/fp/q2/stopwatch/seg7_lut.v Line: 5
    Warning (13013): Ports D and ENA on the latch are fed by the same signal sec_l[1] File: F:/fp/q2/stopwatch/stopwatch.v Line: 155
Warning (13012): Latch SEG7_LUT:UL2|oSEG[6] has unsafe behavior File: F:/fp/q2/stopwatch/seg7_lut.v Line: 5
    Warning (13013): Ports D and ENA on the latch are fed by the same signal sec_l[1] File: F:/fp/q2/stopwatch/stopwatch.v Line: 155
Warning (13012): Latch SEG7_LUT:UL3|oSEG[0] has unsafe behavior File: F:/fp/q2/stopwatch/seg7_lut.v Line: 5
    Warning (13013): Ports D and ENA on the latch are fed by the same signal sec_h[1] File: F:/fp/q2/stopwatch/stopwatch.v Line: 155
Warning (13012): Latch SEG7_LUT:UL3|oSEG[1] has unsafe behavior File: F:/fp/q2/stopwatch/seg7_lut.v Line: 5
    Warning (13013): Ports D and ENA on the latch are fed by the same signal sec_h[2] File: F:/fp/q2/stopwatch/stopwatch.v Line: 155
Warning (13012): Latch SEG7_LUT:UL3|oSEG[2] has unsafe behavior File: F:/fp/q2/stopwatch/seg7_lut.v Line: 5
    Warning (13013): Ports D and ENA on the latch are fed by the same signal sec_h[1] File: F:/fp/q2/stopwatch/stopwatch.v Line: 155
Warning (13012): Latch SEG7_LUT:UL3|oSEG[3] has unsafe behavior File: F:/fp/q2/stopwatch/seg7_lut.v Line: 5
    Warning (13013): Ports D and ENA on the latch are fed by the same signal sec_h[2] File: F:/fp/q2/stopwatch/stopwatch.v Line: 155
Warning (13012): Latch SEG7_LUT:UL3|oSEG[4] has unsafe behavior File: F:/fp/q2/stopwatch/seg7_lut.v Line: 5
    Warning (13013): Ports D and ENA on the latch are fed by the same signal sec_h[1] File: F:/fp/q2/stopwatch/stopwatch.v Line: 155
Warning (13012): Latch SEG7_LUT:UL3|oSEG[5] has unsafe behavior File: F:/fp/q2/stopwatch/seg7_lut.v Line: 5
    Warning (13013): Ports D and ENA on the latch are fed by the same signal sec_h[1] File: F:/fp/q2/stopwatch/stopwatch.v Line: 155
Warning (13012): Latch SEG7_LUT:UL3|oSEG[6] has unsafe behavior File: F:/fp/q2/stopwatch/seg7_lut.v Line: 5
    Warning (13013): Ports D and ENA on the latch are fed by the same signal sec_h[1] File: F:/fp/q2/stopwatch/stopwatch.v Line: 155
Warning (13012): Latch SEG7_LUT:UL4|oSEG[0] has unsafe behavior File: F:/fp/q2/stopwatch/seg7_lut.v Line: 5
    Warning (13013): Ports D and ENA on the latch are fed by the same signal min_l[1] File: F:/fp/q2/stopwatch/stopwatch.v Line: 155
Warning (13012): Latch SEG7_LUT:UL4|oSEG[1] has unsafe behavior File: F:/fp/q2/stopwatch/seg7_lut.v Line: 5
    Warning (13013): Ports D and ENA on the latch are fed by the same signal min_l[2] File: F:/fp/q2/stopwatch/stopwatch.v Line: 155
Warning (13012): Latch SEG7_LUT:UL4|oSEG[2] has unsafe behavior File: F:/fp/q2/stopwatch/seg7_lut.v Line: 5
    Warning (13013): Ports D and ENA on the latch are fed by the same signal min_l[1] File: F:/fp/q2/stopwatch/stopwatch.v Line: 155
Warning (13012): Latch SEG7_LUT:UL4|oSEG[3] has unsafe behavior File: F:/fp/q2/stopwatch/seg7_lut.v Line: 5
    Warning (13013): Ports D and ENA on the latch are fed by the same signal min_l[2] File: F:/fp/q2/stopwatch/stopwatch.v Line: 155
Warning (13012): Latch SEG7_LUT:UL4|oSEG[4] has unsafe behavior File: F:/fp/q2/stopwatch/seg7_lut.v Line: 5
    Warning (13013): Ports D and ENA on the latch are fed by the same signal min_l[1] File: F:/fp/q2/stopwatch/stopwatch.v Line: 155
Warning (13012): Latch SEG7_LUT:UL4|oSEG[5] has unsafe behavior File: F:/fp/q2/stopwatch/seg7_lut.v Line: 5
    Warning (13013): Ports D and ENA on the latch are fed by the same signal min_l[1] File: F:/fp/q2/stopwatch/stopwatch.v Line: 155
Warning (13012): Latch SEG7_LUT:UL4|oSEG[6] has unsafe behavior File: F:/fp/q2/stopwatch/seg7_lut.v Line: 5
    Warning (13013): Ports D and ENA on the latch are fed by the same signal min_l[1] File: F:/fp/q2/stopwatch/stopwatch.v Line: 155
Warning (13012): Latch SEG7_LUT:UL5|oSEG[0] has unsafe behavior File: F:/fp/q2/stopwatch/seg7_lut.v Line: 5
    Warning (13013): Ports D and ENA on the latch are fed by the same signal min_h[1] File: F:/fp/q2/stopwatch/stopwatch.v Line: 155
Warning (13012): Latch SEG7_LUT:UL5|oSEG[1] has unsafe behavior File: F:/fp/q2/stopwatch/seg7_lut.v Line: 5
    Warning (13013): Ports D and ENA on the latch are fed by the same signal min_h[2] File: F:/fp/q2/stopwatch/stopwatch.v Line: 155
Warning (13012): Latch SEG7_LUT:UL5|oSEG[2] has unsafe behavior File: F:/fp/q2/stopwatch/seg7_lut.v Line: 5
    Warning (13013): Ports D and ENA on the latch are fed by the same signal min_h[1] File: F:/fp/q2/stopwatch/stopwatch.v Line: 155
Warning (13012): Latch SEG7_LUT:UL5|oSEG[3] has unsafe behavior File: F:/fp/q2/stopwatch/seg7_lut.v Line: 5
    Warning (13013): Ports D and ENA on the latch are fed by the same signal min_h[2] File: F:/fp/q2/stopwatch/stopwatch.v Line: 155
Warning (13012): Latch SEG7_LUT:UL5|oSEG[4] has unsafe behavior File: F:/fp/q2/stopwatch/seg7_lut.v Line: 5
    Warning (13013): Ports D and ENA on the latch are fed by the same signal min_h[1] File: F:/fp/q2/stopwatch/stopwatch.v Line: 155
Warning (13012): Latch SEG7_LUT:UL5|oSEG[5] has unsafe behavior File: F:/fp/q2/stopwatch/seg7_lut.v Line: 5
    Warning (13013): Ports D and ENA on the latch are fed by the same signal min_h[1] File: F:/fp/q2/stopwatch/stopwatch.v Line: 155
Warning (13012): Latch SEG7_LUT:UL5|oSEG[6] has unsafe behavior File: F:/fp/q2/stopwatch/seg7_lut.v Line: 5
    Warning (13013): Ports D and ENA on the latch are fed by the same signal min_h[1] File: F:/fp/q2/stopwatch/stopwatch.v Line: 155
Info (13000): Registers with preset signals will power-up high File: F:/fp/q2/stopwatch/stopwatch.v Line: 58
Info (13003): DEV_CLRn pin will set, and not reset, register with preset signal due to NOT Gate Push-Back
Warning (13024): Output pins are stuck at VCC or GND
    Warning (13410): Pin "HEX6[0]" is stuck at GND File: F:/fp/q2/stopwatch/stopwatch.v Line: 11
    Warning (13410): Pin "HEX6[1]" is stuck at GND File: F:/fp/q2/stopwatch/stopwatch.v Line: 11
    Warning (13410): Pin "HEX6[2]" is stuck at GND File: F:/fp/q2/stopwatch/stopwatch.v Line: 11
    Warning (13410): Pin "HEX6[3]" is stuck at GND File: F:/fp/q2/stopwatch/stopwatch.v Line: 11
    Warning (13410): Pin "HEX6[4]" is stuck at GND File: F:/fp/q2/stopwatch/stopwatch.v Line: 11
    Warning (13410): Pin "HEX6[5]" is stuck at GND File: F:/fp/q2/stopwatch/stopwatch.v Line: 11
    Warning (13410): Pin "HEX6[6]" is stuck at GND File: F:/fp/q2/stopwatch/stopwatch.v Line: 11
Info (286030): Timing-Driven Synthesis is running
Info (17049): 2 registers lost all their fanouts during netlist optimizations.
Info (16010): Generating hard_block partition "hard_block:auto_generated_inst"
    Info (16011): Adding 0 node(s), including 0 DDIO, 0 PLL, 0 transceiver and 0 LCELL
Info (21057): Implemented 294 device resources after synthesis - the final resource count might be different
    Info (21058): Implemented 4 input pins
    Info (21059): Implemented 49 output pins
    Info (21061): Implemented 241 logic cells
Info: Quartus Prime Analysis & Synthesis was successful. 0 errors, 106 warnings
    Info: Peak virtual memory: 4867 megabytes
    Info: Processing ended: Sat Mar 15 20:02:21 2025
    Info: Elapsed time: 00:00:07
    Info: Total CPU time (on all processors): 00:00:14


