Analysis & Synthesis report for DE2
Sat Mar 15 21:05:41 2025
Quartus Prime Version 18.1.0 Build 625 09/12/2018 SJ Lite Edition


---------------------
; Table of Contents ;
---------------------
  1. Legal Notice
  2. Analysis & Synthesis Summary
  3. Analysis & Synthesis Settings
  4. Parallel Compilation
  5. Analysis & Synthesis Source Files Read
  6. Analysis & Synthesis Resource Usage Summary
  7. Analysis & Synthesis Resource Utilization by Entity
  8. Registers Removed During Synthesis
  9. Removed Registers Triggering Further Register Optimizations
 10. General Register Statistics
 11. Parameter Settings for User Entity Instance: Complete_Clock:CLOCK_Inst|CP_1kHz_500Hz_1Hz:U0|Divider50MHz:U0
 12. Parameter Settings for User Entity Instance: Complete_Clock:CLOCK_Inst|CP_1kHz_500Hz_1Hz:U0|Divider50MHz:U1
 13. Parameter Settings for User Entity Instance: Complete_Clock:CLOCK_Inst|CP_1kHz_500Hz_1Hz:U0|Divider50MHz:U2
 14. Port Connectivity Checks: "Complete_Clock:CLOCK_Inst|_2to1MUX:MU3"
 15. Port Connectivity Checks: "Complete_Clock:CLOCK_Inst|Bell:U3|counter24:SU2"
 16. Port Connectivity Checks: "Complete_Clock:CLOCK_Inst|Bell:U3|counter60:SU1"
 17. Port Connectivity Checks: "Complete_Clock:CLOCK_Inst|Radio:U2"
 18. Port Connectivity Checks: "Complete_Clock:CLOCK_Inst|top_clock:U1|counter24:UT3"
 19. Port Connectivity Checks: "Complete_Clock:CLOCK_Inst|top_clock:U1|counter60:UT2"
 20. Port Connectivity Checks: "Complete_Clock:CLOCK_Inst|top_clock:U1|counter60:UT1"
 21. Port Connectivity Checks: "Complete_Clock:CLOCK_Inst|CP_1kHz_500Hz_1Hz:U0"
 22. Port Connectivity Checks: "Complete_Clock:CLOCK_Inst"
 23. Post-Synthesis Netlist Statistics for Top Partition
 24. Elapsed Time Per Partition
 25. Analysis & Synthesis Messages
 26. Analysis & Synthesis Suppressed Messages



----------------
; Legal Notice ;
----------------
Copyright (C) 2018  Intel Corporation. All rights reserved.
Your use of Intel Corporation's design tools, logic functions 
and other software and tools, and its AMPP partner logic 
functions, and any output files from any of the foregoing 
(including device programming or simulation files), and any 
associated documentation or information are expressly subject 
to the terms and conditions of the Intel Program License 
Subscription Agreement, the Intel Quartus Prime License Agreement,
the Intel FPGA IP License Agreement, or other applicable license
agreement, including, without limitation, that your use is for
the sole purpose of programming logic devices manufactured by
Intel and sold by Intel or its authorized distributors.  Please
refer to the applicable agreement for further details.



+----------------------------------------------------------------------------------+
; Analysis & Synthesis Summary                                                     ;
+------------------------------------+---------------------------------------------+
; Analysis & Synthesis Status        ; Successful - Sat Mar 15 21:05:41 2025       ;
; Quartus Prime Version              ; 18.1.0 Build 625 09/12/2018 SJ Lite Edition ;
; Revision Name                      ; DE2                                         ;
; Top-level Entity Name              ; DE2                                         ;
; Family                             ; Cyclone IV E                                ;
; Total logic elements               ; 0                                           ;
;     Total combinational functions  ; 0                                           ;
;     Dedicated logic registers      ; 0                                           ;
; Total registers                    ; 0                                           ;
; Total pins                         ; 65                                          ;
; Total virtual pins                 ; 0                                           ;
; Total memory bits                  ; 0                                           ;
; Embedded Multiplier 9-bit elements ; 0                                           ;
; Total PLLs                         ; 0                                           ;
+------------------------------------+---------------------------------------------+


+------------------------------------------------------------------------------------------------------------+
; Analysis & Synthesis Settings                                                                              ;
+------------------------------------------------------------------+--------------------+--------------------+
; Option                                                           ; Setting            ; Default Value      ;
+------------------------------------------------------------------+--------------------+--------------------+
; Device                                                           ; EP4CE115F29C7      ;                    ;
; Top-level entity name                                            ; DE2                ; DE2                ;
; Family name                                                      ; Cyclone IV E       ; Cyclone V          ;
; Use smart compilation                                            ; Off                ; Off                ;
; Enable parallel Assembler and Timing Analyzer during compilation ; On                 ; On                 ;
; Enable compact report table                                      ; Off                ; Off                ;
; Restructure Multiplexers                                         ; Auto               ; Auto               ;
; Create Debugging Nodes for IP Cores                              ; Off                ; Off                ;
; Preserve fewer node names                                        ; On                 ; On                 ;
; Intel FPGA IP Evaluation Mode                                    ; Enable             ; Enable             ;
; Verilog Version                                                  ; Verilog_2001       ; Verilog_2001       ;
; VHDL Version                                                     ; VHDL_1993          ; VHDL_1993          ;
; State Machine Processing                                         ; Auto               ; Auto               ;
; Safe State Machine                                               ; Off                ; Off                ;
; Extract Verilog State Machines                                   ; On                 ; On                 ;
; Extract VHDL State Machines                                      ; On                 ; On                 ;
; Ignore Verilog initial constructs                                ; Off                ; Off                ;
; Iteration limit for constant Verilog loops                       ; 5000               ; 5000               ;
; Iteration limit for non-constant Verilog loops                   ; 250                ; 250                ;
; Add Pass-Through Logic to Inferred RAMs                          ; On                 ; On                 ;
; Infer RAMs from Raw Logic                                        ; On                 ; On                 ;
; Parallel Synthesis                                               ; On                 ; On                 ;
; DSP Block Balancing                                              ; Auto               ; Auto               ;
; NOT Gate Push-Back                                               ; On                 ; On                 ;
; Power-Up Don't Care                                              ; On                 ; On                 ;
; Remove Redundant Logic Cells                                     ; Off                ; Off                ;
; Remove Duplicate Registers                                       ; On                 ; On                 ;
; Ignore CARRY Buffers                                             ; Off                ; Off                ;
; Ignore CASCADE Buffers                                           ; Off                ; Off                ;
; Ignore GLOBAL Buffers                                            ; Off                ; Off                ;
; Ignore ROW GLOBAL Buffers                                        ; Off                ; Off                ;
; Ignore LCELL Buffers                                             ; Off                ; Off                ;
; Ignore SOFT Buffers                                              ; On                 ; On                 ;
; Limit AHDL Integers to 32 Bits                                   ; Off                ; Off                ;
; Optimization Technique                                           ; Balanced           ; Balanced           ;
; Carry Chain Length                                               ; 70                 ; 70                 ;
; Auto Carry Chains                                                ; On                 ; On                 ;
; Auto Open-Drain Pins                                             ; On                 ; On                 ;
; Perform WYSIWYG Primitive Resynthesis                            ; Off                ; Off                ;
; Auto ROM Replacement                                             ; On                 ; On                 ;
; Auto RAM Replacement                                             ; On                 ; On                 ;
; Auto DSP Block Replacement                                       ; On                 ; On                 ;
; Auto Shift Register Replacement                                  ; Auto               ; Auto               ;
; Allow Shift Register Merging across Hierarchies                  ; Auto               ; Auto               ;
; Auto Clock Enable Replacement                                    ; On                 ; On                 ;
; Strict RAM Replacement                                           ; Off                ; Off                ;
; Allow Synchronous Control Signals                                ; On                 ; On                 ;
; Force Use of Synchronous Clear Signals                           ; Off                ; Off                ;
; Auto RAM Block Balancing                                         ; On                 ; On                 ;
; Auto RAM to Logic Cell Conversion                                ; Off                ; Off                ;
; Auto Resource Sharing                                            ; Off                ; Off                ;
; Allow Any RAM Size For Recognition                               ; Off                ; Off                ;
; Allow Any ROM Size For Recognition                               ; Off                ; Off                ;
; Allow Any Shift Register Size For Recognition                    ; Off                ; Off                ;
; Use LogicLock Constraints during Resource Balancing              ; On                 ; On                 ;
; Ignore translate_off and synthesis_off directives                ; Off                ; Off                ;
; Timing-Driven Synthesis                                          ; On                 ; On                 ;
; Report Parameter Settings                                        ; On                 ; On                 ;
; Report Source Assignments                                        ; On                 ; On                 ;
; Report Connectivity Checks                                       ; On                 ; On                 ;
; Ignore Maximum Fan-Out Assignments                               ; Off                ; Off                ;
; Synchronization Register Chain Length                            ; 2                  ; 2                  ;
; Power Optimization During Synthesis                              ; Normal compilation ; Normal compilation ;
; HDL message level                                                ; Level2             ; Level2             ;
; Suppress Register Optimization Related Messages                  ; Off                ; Off                ;
; Number of Removed Registers Reported in Synthesis Report         ; 5000               ; 5000               ;
; Number of Swept Nodes Reported in Synthesis Report               ; 5000               ; 5000               ;
; Number of Inverted Registers Reported in Synthesis Report        ; 100                ; 100                ;
; Clock MUX Protection                                             ; On                 ; On                 ;
; Auto Gated Clock Conversion                                      ; Off                ; Off                ;
; Block Design Naming                                              ; Auto               ; Auto               ;
; SDC constraint protection                                        ; Off                ; Off                ;
; Synthesis Effort                                                 ; Auto               ; Auto               ;
; Shift Register Replacement - Allow Asynchronous Clear Signal     ; On                 ; On                 ;
; Pre-Mapping Resynthesis Optimization                             ; Off                ; Off                ;
; Analysis & Synthesis Message Level                               ; Medium             ; Medium             ;
; Disable Register Merging Across Hierarchies                      ; Auto               ; Auto               ;
; Resource Aware Inference For Block RAM                           ; On                 ; On                 ;
+------------------------------------------------------------------+--------------------+--------------------+


+------------------------------------------+
; Parallel Compilation                     ;
+----------------------------+-------------+
; Processors                 ; Number      ;
+----------------------------+-------------+
; Number detected on machine ; 20          ;
; Maximum allowed            ; 14          ;
;                            ;             ;
; Average used               ; 1.00        ;
; Maximum used               ; 1           ;
;                            ;             ;
; Usage by Processor         ; % Time Used ;
;     Processor 1            ; 100.0%      ;
+----------------------------+-------------+


+----------------------------------------------------------------------------------------------------------------------+
; Analysis & Synthesis Source Files Read                                                                               ;
+----------------------------------+-----------------+------------------------+------------------------------+---------+
; File Name with User-Entered Path ; Used in Netlist ; File Type              ; File Name with Absolute Path ; Library ;
+----------------------------------+-----------------+------------------------+------------------------------+---------+
; DE2.v                            ; yes             ; User Verilog HDL File  ; F:/fp/q2/DE2/DE2.v           ;         ;
; Divider50MHz.v                   ; yes             ; User Verilog HDL File  ; F:/fp/q2/DE2/Divider50MHz.v  ;         ;
+----------------------------------+-----------------+------------------------+------------------------------+---------+


+--------------------------------------------------------------+
; Analysis & Synthesis Resource Usage Summary                  ;
+---------------------------------------------+----------------+
; Resource                                    ; Usage          ;
+---------------------------------------------+----------------+
;                                             ;                ;
; Total combinational functions               ; 0              ;
; Logic element usage by number of LUT inputs ;                ;
;     -- 4 input functions                    ; 0              ;
;     -- 3 input functions                    ; 0              ;
;     -- <=2 input functions                  ; 0              ;
;                                             ;                ;
; Logic elements by mode                      ;                ;
;     -- normal mode                          ; 0              ;
;     -- arithmetic mode                      ; 0              ;
;                                             ;                ;
; Total registers                             ; 0              ;
;     -- Dedicated logic registers            ; 0              ;
;     -- I/O registers                        ; 0              ;
;                                             ;                ;
; I/O pins                                    ; 65             ;
;                                             ;                ;
; Embedded Multiplier 9-bit elements          ; 0              ;
;                                             ;                ;
; Maximum fan-out node                        ; GPIO[0]~output ;
; Maximum fan-out                             ; 1              ;
; Total fan-out                               ; 65             ;
; Average fan-out                             ; 0.50           ;
+---------------------------------------------+----------------+


+----------------------------------------------------------------------------------------------------------------------------------------------------------------------------------------------------------+
; Analysis & Synthesis Resource Utilization by Entity                                                                                                                                                      ;
+----------------------------+---------------------+---------------------------+-------------+--------------+---------+-----------+------+--------------+---------------------+-------------+--------------+
; Compilation Hierarchy Node ; Combinational ALUTs ; Dedicated Logic Registers ; Memory Bits ; DSP Elements ; DSP 9x9 ; DSP 18x18 ; Pins ; Virtual Pins ; Full Hierarchy Name ; Entity Name ; Library Name ;
+----------------------------+---------------------+---------------------------+-------------+--------------+---------+-----------+------+--------------+---------------------+-------------+--------------+
; |DE2                       ; 0 (0)               ; 0 (0)                     ; 0           ; 0            ; 0       ; 0         ; 65   ; 0            ; |DE2                ; DE2         ; work         ;
+----------------------------+---------------------+---------------------------+-------------+--------------+---------+-----------+------+--------------+---------------------+-------------+--------------+
Note: For table entries with two numbers listed, the numbers in parentheses indicate the number of resources of the given type used by the specific entity alone. The numbers listed outside of parentheses indicate the total resources of the given type used by the specific entity and all of its sub-entities in the hierarchy.


+------------------------------------------------------------------------------------------------------------------------+
; Registers Removed During Synthesis                                                                                     ;
+---------------------------------------------------------------------------------+--------------------------------------+
; Register name                                                                   ; Reason for Removal                   ;
+---------------------------------------------------------------------------------+--------------------------------------+
; Complete_Clock:CLOCK_Inst|CP_1kHz_500Hz_1Hz:U0|Divider50MHz:U2|Count_DIV[0]     ; Stuck at GND due to stuck port clear ;
; Complete_Clock:CLOCK_Inst|CP_1kHz_500Hz_1Hz:U0|Divider50MHz:U2|CLK_1HzOut       ; Stuck at GND due to stuck port clear ;
; Complete_Clock:CLOCK_Inst|CP_1kHz_500Hz_1Hz:U0|Divider50MHz:U2|Count_DIV[1..14] ; Stuck at GND due to stuck port clear ;
; Complete_Clock:CLOCK_Inst|CP_1kHz_500Hz_1Hz:U0|Divider50MHz:U1|Count_DIV[0]     ; Stuck at GND due to stuck port clear ;
; Complete_Clock:CLOCK_Inst|CP_1kHz_500Hz_1Hz:U0|Divider50MHz:U1|CLK_1HzOut       ; Stuck at GND due to stuck port clear ;
; Complete_Clock:CLOCK_Inst|CP_1kHz_500Hz_1Hz:U0|Divider50MHz:U1|Count_DIV[1..15] ; Stuck at GND due to stuck port clear ;
; Complete_Clock:CLOCK_Inst|CP_1kHz_500Hz_1Hz:U0|Divider50MHz:U0|Count_DIV[0]     ; Stuck at GND due to stuck port clear ;
; Complete_Clock:CLOCK_Inst|CP_1kHz_500Hz_1Hz:U0|Divider50MHz:U0|CLK_1HzOut       ; Stuck at GND due to stuck port clear ;
; Complete_Clock:CLOCK_Inst|CP_1kHz_500Hz_1Hz:U0|Divider50MHz:U0|Count_DIV[1..24] ; Stuck at GND due to stuck port clear ;
; Complete_Clock:CLOCK_Inst|Bell:U3|counter24:SU2|CntL[0]                         ; Stuck at GND due to stuck port clock ;
; Complete_Clock:CLOCK_Inst|Bell:U3|counter24:SU2|CntH[0..3]                      ; Stuck at GND due to stuck port clock ;
; Complete_Clock:CLOCK_Inst|Bell:U3|counter24:SU2|CntL[1..3]                      ; Stuck at GND due to stuck port clock ;
; Complete_Clock:CLOCK_Inst|Bell:U3|counter60:SU1|Q[0..3]                         ; Stuck at GND due to stuck port clock ;
; Complete_Clock:CLOCK_Inst|top_clock:U1|counter60:UT1|Q[0..3]                    ; Stuck at GND due to stuck port clock ;
; Complete_Clock:CLOCK_Inst|top_clock:U1|counter60:UT2|Q[0..3]                    ; Stuck at GND due to stuck port clock ;
; Complete_Clock:CLOCK_Inst|top_clock:U1|counter24:UT3|CntL[0]                    ; Stuck at GND due to stuck port clock ;
; Complete_Clock:CLOCK_Inst|top_clock:U1|counter24:UT3|CntH[0..3]                 ; Stuck at GND due to stuck port clock ;
; Complete_Clock:CLOCK_Inst|top_clock:U1|counter24:UT3|CntL[1..3]                 ; Stuck at GND due to stuck port clock ;
; Total Number of Removed Registers = 87                                          ;                                      ;
+---------------------------------------------------------------------------------+--------------------------------------+


+---------------------------------------------------------------------------------------------------------------------------------------------------------------------+
; Removed Registers Triggering Further Register Optimizations                                                                                                         ;
+---------------------------------------------------------------------------+-------------------------+---------------------------------------------------------------+
; Register name                                                             ; Reason for Removal      ; Registers Removed due to This Register                        ;
+---------------------------------------------------------------------------+-------------------------+---------------------------------------------------------------+
; Complete_Clock:CLOCK_Inst|CP_1kHz_500Hz_1Hz:U0|Divider50MHz:U0|CLK_1HzOut ; Stuck at GND            ; Complete_Clock:CLOCK_Inst|Bell:U3|counter24:SU2|CntL[0],      ;
;                                                                           ; due to stuck port clear ; Complete_Clock:CLOCK_Inst|Bell:U3|counter24:SU2|CntH[3],      ;
;                                                                           ;                         ; Complete_Clock:CLOCK_Inst|Bell:U3|counter24:SU2|CntH[2],      ;
;                                                                           ;                         ; Complete_Clock:CLOCK_Inst|Bell:U3|counter24:SU2|CntH[1],      ;
;                                                                           ;                         ; Complete_Clock:CLOCK_Inst|Bell:U3|counter24:SU2|CntH[0],      ;
;                                                                           ;                         ; Complete_Clock:CLOCK_Inst|Bell:U3|counter24:SU2|CntL[3],      ;
;                                                                           ;                         ; Complete_Clock:CLOCK_Inst|Bell:U3|counter24:SU2|CntL[2],      ;
;                                                                           ;                         ; Complete_Clock:CLOCK_Inst|Bell:U3|counter24:SU2|CntL[1],      ;
;                                                                           ;                         ; Complete_Clock:CLOCK_Inst|Bell:U3|counter60:SU1|Q[0],         ;
;                                                                           ;                         ; Complete_Clock:CLOCK_Inst|Bell:U3|counter60:SU1|Q[3],         ;
;                                                                           ;                         ; Complete_Clock:CLOCK_Inst|Bell:U3|counter60:SU1|Q[2],         ;
;                                                                           ;                         ; Complete_Clock:CLOCK_Inst|Bell:U3|counter60:SU1|Q[1],         ;
;                                                                           ;                         ; Complete_Clock:CLOCK_Inst|top_clock:U1|counter60:UT2|Q[0],    ;
;                                                                           ;                         ; Complete_Clock:CLOCK_Inst|top_clock:U1|counter60:UT2|Q[3],    ;
;                                                                           ;                         ; Complete_Clock:CLOCK_Inst|top_clock:U1|counter60:UT2|Q[2],    ;
;                                                                           ;                         ; Complete_Clock:CLOCK_Inst|top_clock:U1|counter60:UT2|Q[1],    ;
;                                                                           ;                         ; Complete_Clock:CLOCK_Inst|top_clock:U1|counter24:UT3|CntL[0], ;
;                                                                           ;                         ; Complete_Clock:CLOCK_Inst|top_clock:U1|counter24:UT3|CntH[3], ;
;                                                                           ;                         ; Complete_Clock:CLOCK_Inst|top_clock:U1|counter24:UT3|CntH[2], ;
;                                                                           ;                         ; Complete_Clock:CLOCK_Inst|top_clock:U1|counter24:UT3|CntH[1], ;
;                                                                           ;                         ; Complete_Clock:CLOCK_Inst|top_clock:U1|counter24:UT3|CntH[0], ;
;                                                                           ;                         ; Complete_Clock:CLOCK_Inst|top_clock:U1|counter24:UT3|CntL[3], ;
;                                                                           ;                         ; Complete_Clock:CLOCK_Inst|top_clock:U1|counter24:UT3|CntL[2], ;
;                                                                           ;                         ; Complete_Clock:CLOCK_Inst|top_clock:U1|counter24:UT3|CntL[1]  ;
+---------------------------------------------------------------------------+-------------------------+---------------------------------------------------------------+


+------------------------------------------------------+
; General Register Statistics                          ;
+----------------------------------------------+-------+
; Statistic                                    ; Value ;
+----------------------------------------------+-------+
; Total registers                              ; 0     ;
; Number of registers using Synchronous Clear  ; 0     ;
; Number of registers using Synchronous Load   ; 0     ;
; Number of registers using Asynchronous Clear ; 0     ;
; Number of registers using Asynchronous Load  ; 0     ;
; Number of registers using Clock Enable       ; 0     ;
; Number of registers using Preset             ; 0     ;
+----------------------------------------------+-------+


+-------------------------------------------------------------------------------------------------------------+
; Parameter Settings for User Entity Instance: Complete_Clock:CLOCK_Inst|CP_1kHz_500Hz_1Hz:U0|Divider50MHz:U0 ;
+----------------+----------+---------------------------------------------------------------------------------+
; Parameter Name ; Value    ; Type                                                                            ;
+----------------+----------+---------------------------------------------------------------------------------+
; N              ; 25       ; Signed Integer                                                                  ;
; CLK_Freq       ; 50000000 ; Signed Integer                                                                  ;
; OUT_Freq       ; 1        ; Signed Integer                                                                  ;
+----------------+----------+---------------------------------------------------------------------------------+
Note: In order to hide this table in the UI and the text report file, please set the "Show Parameter Settings in Synthesis Report" option in "Analysis and Synthesis Settings -> More Settings" to "Off".


+-------------------------------------------------------------------------------------------------------------+
; Parameter Settings for User Entity Instance: Complete_Clock:CLOCK_Inst|CP_1kHz_500Hz_1Hz:U0|Divider50MHz:U1 ;
+----------------+----------+---------------------------------------------------------------------------------+
; Parameter Name ; Value    ; Type                                                                            ;
+----------------+----------+---------------------------------------------------------------------------------+
; N              ; 16       ; Signed Integer                                                                  ;
; CLK_Freq       ; 50000000 ; Signed Integer                                                                  ;
; OUT_Freq       ; 500      ; Signed Integer                                                                  ;
+----------------+----------+---------------------------------------------------------------------------------+
Note: In order to hide this table in the UI and the text report file, please set the "Show Parameter Settings in Synthesis Report" option in "Analysis and Synthesis Settings -> More Settings" to "Off".


+-------------------------------------------------------------------------------------------------------------+
; Parameter Settings for User Entity Instance: Complete_Clock:CLOCK_Inst|CP_1kHz_500Hz_1Hz:U0|Divider50MHz:U2 ;
+----------------+----------+---------------------------------------------------------------------------------+
; Parameter Name ; Value    ; Type                                                                            ;
+----------------+----------+---------------------------------------------------------------------------------+
; N              ; 15       ; Signed Integer                                                                  ;
; CLK_Freq       ; 50000000 ; Signed Integer                                                                  ;
; OUT_Freq       ; 1000     ; Signed Integer                                                                  ;
+----------------+----------+---------------------------------------------------------------------------------+
Note: In order to hide this table in the UI and the text report file, please set the "Show Parameter Settings in Synthesis Report" option in "Analysis and Synthesis Settings -> More Settings" to "Off".


+--------------------------------------------------------------------+
; Port Connectivity Checks: "Complete_Clock:CLOCK_Inst|_2to1MUX:MU3" ;
+------+-------+----------+------------------------------------------+
; Port ; Type  ; Severity ; Details                                  ;
+------+-------+----------+------------------------------------------+
; X    ; Input ; Info     ; Stuck at VCC                             ;
+------+-------+----------+------------------------------------------+


+-----------------------------------------------------------------------------+
; Port Connectivity Checks: "Complete_Clock:CLOCK_Inst|Bell:U3|counter24:SU2" ;
+------+-------+----------+---------------------------------------------------+
; Port ; Type  ; Severity ; Details                                           ;
+------+-------+----------+---------------------------------------------------+
; nCR  ; Input ; Info     ; Stuck at VCC                                      ;
+------+-------+----------+---------------------------------------------------+


+-----------------------------------------------------------------------------+
; Port Connectivity Checks: "Complete_Clock:CLOCK_Inst|Bell:U3|counter60:SU1" ;
+------+-------+----------+---------------------------------------------------+
; Port ; Type  ; Severity ; Details                                           ;
+------+-------+----------+---------------------------------------------------+
; nCR  ; Input ; Info     ; Stuck at VCC                                      ;
+------+-------+----------+---------------------------------------------------+


+------------------------------------------------------------------------------------------------------------------------------------------------------------------+
; Port Connectivity Checks: "Complete_Clock:CLOCK_Inst|Radio:U2"                                                                                                   ;
+-------------+--------+----------+--------------------------------------------------------------------------------------------------------------------------------+
; Port        ; Type   ; Severity ; Details                                                                                                                        ;
+-------------+--------+----------+--------------------------------------------------------------------------------------------------------------------------------+
; ALARM_Radio ; Output ; Warning  ; Output or bidir port (8 bits) is wider than the port expression (1 bits) it drives; bit(s) "ALARM_Radio[7..1]" have no fanouts ;
+-------------+--------+----------+--------------------------------------------------------------------------------------------------------------------------------+


+----------------------------------------------------------------------------------+
; Port Connectivity Checks: "Complete_Clock:CLOCK_Inst|top_clock:U1|counter24:UT3" ;
+------+-------+----------+--------------------------------------------------------+
; Port ; Type  ; Severity ; Details                                                ;
+------+-------+----------+--------------------------------------------------------+
; EN   ; Input ; Info     ; Stuck at VCC                                           ;
+------+-------+----------+--------------------------------------------------------+


+----------------------------------------------------------------------------------+
; Port Connectivity Checks: "Complete_Clock:CLOCK_Inst|top_clock:U1|counter60:UT2" ;
+------+-------+----------+--------------------------------------------------------+
; Port ; Type  ; Severity ; Details                                                ;
+------+-------+----------+--------------------------------------------------------+
; En   ; Input ; Info     ; Stuck at VCC                                           ;
+------+-------+----------+--------------------------------------------------------+


+----------------------------------------------------------------------------------+
; Port Connectivity Checks: "Complete_Clock:CLOCK_Inst|top_clock:U1|counter60:UT1" ;
+------+-------+----------+--------------------------------------------------------+
; Port ; Type  ; Severity ; Details                                                ;
+------+-------+----------+--------------------------------------------------------+
; En   ; Input ; Info     ; Stuck at VCC                                           ;
+------+-------+----------+--------------------------------------------------------+


+------------------------------------------------------------------------------------------------------------------------------------------------------------------------+
; Port Connectivity Checks: "Complete_Clock:CLOCK_Inst|CP_1kHz_500Hz_1Hz:U0"                                                                                             ;
+------+-------+----------+----------------------------------------------------------------------------------------------------------------------------------------------+
; Port ; Type  ; Severity ; Details                                                                                                                                      ;
+------+-------+----------+----------------------------------------------------------------------------------------------------------------------------------------------+
; nRST ; Input ; Warning  ; Declared by entity but not connected by instance. If a default value exists, it will be used.  Otherwise, the port will be connected to GND. ;
+------+-------+----------+----------------------------------------------------------------------------------------------------------------------------------------------+


+----------------------------------------------------------------------------------------------------------------------------------------------------------------------------+
; Port Connectivity Checks: "Complete_Clock:CLOCK_Inst"                                                                                                                      ;
+----------+-------+----------+----------------------------------------------------------------------------------------------------------------------------------------------+
; Port     ; Type  ; Severity ; Details                                                                                                                                      ;
+----------+-------+----------+----------------------------------------------------------------------------------------------------------------------------------------------+
; CtrlBell ; Input ; Warning  ; Declared by entity but not connected by instance. If a default value exists, it will be used.  Otherwise, the port will be connected to GND. ;
+----------+-------+----------+----------------------------------------------------------------------------------------------------------------------------------------------+


+-----------------------------------------------------+
; Post-Synthesis Netlist Statistics for Top Partition ;
+-----------------------+-----------------------------+
; Type                  ; Count                       ;
+-----------------------+-----------------------------+
; boundary_port         ; 65                          ;
; cycloneiii_lcell_comb ; 2                           ;
;     normal            ; 2                           ;
;         0 data inputs ; 2                           ;
;                       ;                             ;
; Max LUT depth         ; 0.00                        ;
; Average LUT depth     ; 0.00                        ;
+-----------------------+-----------------------------+


+-------------------------------+
; Elapsed Time Per Partition    ;
+----------------+--------------+
; Partition Name ; Elapsed Time ;
+----------------+--------------+
; Top            ; 00:00:00     ;
+----------------+--------------+


+-------------------------------+
; Analysis & Synthesis Messages ;
+-------------------------------+
Info: *******************************************************************
Info: Running Quartus Prime Analysis & Synthesis
    Info: Version 18.1.0 Build 625 09/12/2018 SJ Lite Edition
    Info: Processing started: Sat Mar 15 21:05:35 2025
Info: Command: quartus_map --read_settings_files=on --write_settings_files=off DE2 -c DE2
Warning (18236): Number of processors has not been specified which may cause overloading on shared machines.  Set the global assignment NUM_PARALLEL_PROCESSORS in your QSF to an appropriate value for best performance.
Info (20030): Parallel compilation is enabled and will use 14 of the 14 processors detected
Info (12021): Found 11 design units, including 11 entities, in source file de2.v
    Info (12023): Found entity 1: _2to1MUX File: F:/fp/q2/DE2/DE2.v Line: 2
    Info (12023): Found entity 2: DE2 File: F:/fp/q2/DE2/DE2.v Line: 10
    Info (12023): Found entity 3: Complete_Clock File: F:/fp/q2/DE2/DE2.v Line: 47
    Info (12023): Found entity 4: CP_1kHz_500Hz_1Hz File: F:/fp/q2/DE2/DE2.v Line: 131
    Info (12023): Found entity 5: Radio File: F:/fp/q2/DE2/DE2.v Line: 164
    Info (12023): Found entity 6: Bell File: F:/fp/q2/DE2/DE2.v Line: 184
    Info (12023): Found entity 7: _4bitcomparator File: F:/fp/q2/DE2/DE2.v Line: 222
    Info (12023): Found entity 8: counter60 File: F:/fp/q2/DE2/DE2.v Line: 229
    Info (12023): Found entity 9: counter24 File: F:/fp/q2/DE2/DE2.v Line: 249
    Info (12023): Found entity 10: top_clock File: F:/fp/q2/DE2/DE2.v Line: 271
    Info (12023): Found entity 11: SEG_LUT File: F:/fp/q2/DE2/DE2.v Line: 304
Info (12021): Found 1 design units, including 1 entities, in source file divider50mhz.v
    Info (12023): Found entity 1: Divider50MHz File: F:/fp/q2/DE2/Divider50MHz.v Line: 1
Info (12021): Found 0 design units, including 0 entities, in source file seg7_lut.v
Info (12127): Elaborating entity "DE2" for the top level hierarchy
Info (12128): Elaborating entity "Complete_Clock" for hierarchy "Complete_Clock:CLOCK_Inst" File: F:/fp/q2/DE2/DE2.v Line: 34
Info (12128): Elaborating entity "CP_1kHz_500Hz_1Hz" for hierarchy "Complete_Clock:CLOCK_Inst|CP_1kHz_500Hz_1Hz:U0" File: F:/fp/q2/DE2/DE2.v Line: 68
Info (12128): Elaborating entity "Divider50MHz" for hierarchy "Complete_Clock:CLOCK_Inst|CP_1kHz_500Hz_1Hz:U0|Divider50MHz:U0" File: F:/fp/q2/DE2/DE2.v Line: 139
Info (12128): Elaborating entity "Divider50MHz" for hierarchy "Complete_Clock:CLOCK_Inst|CP_1kHz_500Hz_1Hz:U0|Divider50MHz:U1" File: F:/fp/q2/DE2/DE2.v Line: 148
Info (12128): Elaborating entity "Divider50MHz" for hierarchy "Complete_Clock:CLOCK_Inst|CP_1kHz_500Hz_1Hz:U0|Divider50MHz:U2" File: F:/fp/q2/DE2/DE2.v Line: 157
Info (12128): Elaborating entity "top_clock" for hierarchy "Complete_Clock:CLOCK_Inst|top_clock:U1" File: F:/fp/q2/DE2/DE2.v Line: 79
Info (12128): Elaborating entity "counter60" for hierarchy "Complete_Clock:CLOCK_Inst|top_clock:U1|counter60:UT1" File: F:/fp/q2/DE2/DE2.v Line: 284
Info (12128): Elaborating entity "counter24" for hierarchy "Complete_Clock:CLOCK_Inst|top_clock:U1|counter24:UT3" File: F:/fp/q2/DE2/DE2.v Line: 297
Info (12128): Elaborating entity "Radio" for hierarchy "Complete_Clock:CLOCK_Inst|Radio:U2" File: F:/fp/q2/DE2/DE2.v Line: 88
Warning (10235): Verilog HDL Always Construct warning at DE2.v(174): variable "_1kHzIN" is read inside the Always Construct but isn't in the Always Construct's Event Control File: F:/fp/q2/DE2/DE2.v Line: 174
Info (12128): Elaborating entity "Bell" for hierarchy "Complete_Clock:CLOCK_Inst|Bell:U3" File: F:/fp/q2/DE2/DE2.v Line: 104
Info (12128): Elaborating entity "_4bitcomparator" for hierarchy "Complete_Clock:CLOCK_Inst|Bell:U3|_4bitcomparator:SU4" File: F:/fp/q2/DE2/DE2.v Line: 212
Info (12128): Elaborating entity "_2to1MUX" for hierarchy "Complete_Clock:CLOCK_Inst|_2to1MUX:MU1" File: F:/fp/q2/DE2/DE2.v Line: 115
Info (12128): Elaborating entity "SEG_LUT" for hierarchy "SEG_LUT:Hex2" File: F:/fp/q2/DE2/DE2.v Line: 39
Warning (10270): Verilog HDL Case Statement warning at DE2.v(310): incomplete case statement has no default case item File: F:/fp/q2/DE2/DE2.v Line: 310
Warning (10240): Verilog HDL Always Construct warning at DE2.v(308): inferring latch(es) for variable "oSEG", which holds its previous value in one or more paths through the always construct File: F:/fp/q2/DE2/DE2.v Line: 308
Info (10041): Inferred latch for "oSEG[0]" at DE2.v(308) File: F:/fp/q2/DE2/DE2.v Line: 308
Info (10041): Inferred latch for "oSEG[1]" at DE2.v(308) File: F:/fp/q2/DE2/DE2.v Line: 308
Info (10041): Inferred latch for "oSEG[2]" at DE2.v(308) File: F:/fp/q2/DE2/DE2.v Line: 308
Info (10041): Inferred latch for "oSEG[3]" at DE2.v(308) File: F:/fp/q2/DE2/DE2.v Line: 308
Info (10041): Inferred latch for "oSEG[4]" at DE2.v(308) File: F:/fp/q2/DE2/DE2.v Line: 308
Info (10041): Inferred latch for "oSEG[5]" at DE2.v(308) File: F:/fp/q2/DE2/DE2.v Line: 308
Info (10041): Inferred latch for "oSEG[6]" at DE2.v(308) File: F:/fp/q2/DE2/DE2.v Line: 308
Warning (12241): 3 hierarchies have connectivity warnings - see the Connectivity Checks report folder
Warning (13024): Output pins are stuck at VCC or GND
    Warning (13410): Pin "GPIO[0]" is stuck at GND File: F:/fp/q2/DE2/DE2.v Line: 11
    Warning (13410): Pin "HEX0[0]" is stuck at VCC File: F:/fp/q2/DE2/DE2.v Line: 12
    Warning (13410): Pin "HEX0[1]" is stuck at VCC File: F:/fp/q2/DE2/DE2.v Line: 12
    Warning (13410): Pin "HEX0[2]" is stuck at VCC File: F:/fp/q2/DE2/DE2.v Line: 12
    Warning (13410): Pin "HEX0[3]" is stuck at VCC File: F:/fp/q2/DE2/DE2.v Line: 12
    Warning (13410): Pin "HEX0[4]" is stuck at VCC File: F:/fp/q2/DE2/DE2.v Line: 12
    Warning (13410): Pin "HEX0[5]" is stuck at VCC File: F:/fp/q2/DE2/DE2.v Line: 12
    Warning (13410): Pin "HEX0[6]" is stuck at VCC File: F:/fp/q2/DE2/DE2.v Line: 12
    Warning (13410): Pin "HEX1[0]" is stuck at VCC File: F:/fp/q2/DE2/DE2.v Line: 12
    Warning (13410): Pin "HEX1[1]" is stuck at VCC File: F:/fp/q2/DE2/DE2.v Line: 12
    Warning (13410): Pin "HEX1[2]" is stuck at VCC File: F:/fp/q2/DE2/DE2.v Line: 12
    Warning (13410): Pin "HEX1[3]" is stuck at VCC File: F:/fp/q2/DE2/DE2.v Line: 12
    Warning (13410): Pin "HEX1[4]" is stuck at VCC File: F:/fp/q2/DE2/DE2.v Line: 12
    Warning (13410): Pin "HEX1[5]" is stuck at VCC File: F:/fp/q2/DE2/DE2.v Line: 12
    Warning (13410): Pin "HEX1[6]" is stuck at VCC File: F:/fp/q2/DE2/DE2.v Line: 12
    Warning (13410): Pin "HEX2[0]" is stuck at GND File: F:/fp/q2/DE2/DE2.v Line: 13
    Warning (13410): Pin "HEX2[1]" is stuck at GND File: F:/fp/q2/DE2/DE2.v Line: 13
    Warning (13410): Pin "HEX2[2]" is stuck at GND File: F:/fp/q2/DE2/DE2.v Line: 13
    Warning (13410): Pin "HEX2[3]" is stuck at GND File: F:/fp/q2/DE2/DE2.v Line: 13
    Warning (13410): Pin "HEX2[4]" is stuck at GND File: F:/fp/q2/DE2/DE2.v Line: 13
    Warning (13410): Pin "HEX2[5]" is stuck at GND File: F:/fp/q2/DE2/DE2.v Line: 13
    Warning (13410): Pin "HEX2[6]" is stuck at VCC File: F:/fp/q2/DE2/DE2.v Line: 13
    Warning (13410): Pin "HEX3[0]" is stuck at GND File: F:/fp/q2/DE2/DE2.v Line: 13
    Warning (13410): Pin "HEX3[1]" is stuck at GND File: F:/fp/q2/DE2/DE2.v Line: 13
    Warning (13410): Pin "HEX3[2]" is stuck at GND File: F:/fp/q2/DE2/DE2.v Line: 13
    Warning (13410): Pin "HEX3[3]" is stuck at GND File: F:/fp/q2/DE2/DE2.v Line: 13
    Warning (13410): Pin "HEX3[4]" is stuck at GND File: F:/fp/q2/DE2/DE2.v Line: 13
    Warning (13410): Pin "HEX3[5]" is stuck at GND File: F:/fp/q2/DE2/DE2.v Line: 13
    Warning (13410): Pin "HEX3[6]" is stuck at VCC File: F:/fp/q2/DE2/DE2.v Line: 13
    Warning (13410): Pin "HEX4[0]" is stuck at GND File: F:/fp/q2/DE2/DE2.v Line: 14
    Warning (13410): Pin "HEX4[1]" is stuck at GND File: F:/fp/q2/DE2/DE2.v Line: 14
    Warning (13410): Pin "HEX4[2]" is stuck at GND File: F:/fp/q2/DE2/DE2.v Line: 14
    Warning (13410): Pin "HEX4[3]" is stuck at GND File: F:/fp/q2/DE2/DE2.v Line: 14
    Warning (13410): Pin "HEX4[4]" is stuck at GND File: F:/fp/q2/DE2/DE2.v Line: 14
    Warning (13410): Pin "HEX4[5]" is stuck at GND File: F:/fp/q2/DE2/DE2.v Line: 14
    Warning (13410): Pin "HEX4[6]" is stuck at VCC File: F:/fp/q2/DE2/DE2.v Line: 14
    Warning (13410): Pin "HEX5[0]" is stuck at GND File: F:/fp/q2/DE2/DE2.v Line: 14
    Warning (13410): Pin "HEX5[1]" is stuck at GND File: F:/fp/q2/DE2/DE2.v Line: 14
    Warning (13410): Pin "HEX5[2]" is stuck at GND File: F:/fp/q2/DE2/DE2.v Line: 14
    Warning (13410): Pin "HEX5[3]" is stuck at GND File: F:/fp/q2/DE2/DE2.v Line: 14
    Warning (13410): Pin "HEX5[4]" is stuck at GND File: F:/fp/q2/DE2/DE2.v Line: 14
    Warning (13410): Pin "HEX5[5]" is stuck at GND File: F:/fp/q2/DE2/DE2.v Line: 14
    Warning (13410): Pin "HEX5[6]" is stuck at VCC File: F:/fp/q2/DE2/DE2.v Line: 14
    Warning (13410): Pin "HEX6[0]" is stuck at GND File: F:/fp/q2/DE2/DE2.v Line: 15
    Warning (13410): Pin "HEX6[1]" is stuck at GND File: F:/fp/q2/DE2/DE2.v Line: 15
    Warning (13410): Pin "HEX6[2]" is stuck at GND File: F:/fp/q2/DE2/DE2.v Line: 15
    Warning (13410): Pin "HEX6[3]" is stuck at GND File: F:/fp/q2/DE2/DE2.v Line: 15
    Warning (13410): Pin "HEX6[4]" is stuck at GND File: F:/fp/q2/DE2/DE2.v Line: 15
    Warning (13410): Pin "HEX6[5]" is stuck at GND File: F:/fp/q2/DE2/DE2.v Line: 15
    Warning (13410): Pin "HEX6[6]" is stuck at VCC File: F:/fp/q2/DE2/DE2.v Line: 15
    Warning (13410): Pin "HEX7[0]" is stuck at GND File: F:/fp/q2/DE2/DE2.v Line: 15
    Warning (13410): Pin "HEX7[1]" is stuck at GND File: F:/fp/q2/DE2/DE2.v Line: 15
    Warning (13410): Pin "HEX7[2]" is stuck at GND File: F:/fp/q2/DE2/DE2.v Line: 15
    Warning (13410): Pin "HEX7[3]" is stuck at GND File: F:/fp/q2/DE2/DE2.v Line: 15
    Warning (13410): Pin "HEX7[4]" is stuck at GND File: F:/fp/q2/DE2/DE2.v Line: 15
    Warning (13410): Pin "HEX7[5]" is stuck at GND File: F:/fp/q2/DE2/DE2.v Line: 15
    Warning (13410): Pin "HEX7[6]" is stuck at VCC File: F:/fp/q2/DE2/DE2.v Line: 15
Info (144001): Generated suppressed messages file F:/fp/q2/DE2/output_files/DE2.map.smsg
Info (16010): Generating hard_block partition "hard_block:auto_generated_inst"
    Info (16011): Adding 0 node(s), including 0 DDIO, 0 PLL, 0 transceiver and 0 LCELL
Warning (21074): Design contains 8 input pin(s) that do not drive logic
    Warning (15610): No output dependent on input pin "CLOCK_50" File: F:/fp/q2/DE2/DE2.v Line: 16
    Warning (15610): No output dependent on input pin "SW[0]" File: F:/fp/q2/DE2/DE2.v Line: 17
    Warning (15610): No output dependent on input pin "SW[1]" File: F:/fp/q2/DE2/DE2.v Line: 17
    Warning (15610): No output dependent on input pin "SW[2]" File: F:/fp/q2/DE2/DE2.v Line: 17
    Warning (15610): No output dependent on input pin "SW[3]" File: F:/fp/q2/DE2/DE2.v Line: 17
    Warning (15610): No output dependent on input pin "SW[5]" File: F:/fp/q2/DE2/DE2.v Line: 17
    Warning (15610): No output dependent on input pin "KEY[0]" File: F:/fp/q2/DE2/DE2.v Line: 19
    Warning (15610): No output dependent on input pin "SW[4]" File: F:/fp/q2/DE2/DE2.v Line: 17
Info (21057): Implemented 65 device resources after synthesis - the final resource count might be different
    Info (21058): Implemented 8 input pins
    Info (21059): Implemented 57 output pins
Info: Quartus Prime Analysis & Synthesis was successful. 0 errors, 72 warnings
    Info: Peak virtual memory: 4748 megabytes
    Info: Processing ended: Sat Mar 15 21:05:41 2025
    Info: Elapsed time: 00:00:06
    Info: Total CPU time (on all processors): 00:00:13


+------------------------------------------+
; Analysis & Synthesis Suppressed Messages ;
+------------------------------------------+
The suppressed messages can be found in F:/fp/q2/DE2/output_files/DE2.map.smsg.


